[2026-06-01 00:01:18] [INFO] Starting daily blog creator - SELECTED victoria-justice (Type 9, Priority 70)
[2026-06-01 00:27:33] [INFO] Draft created: victoria-justice.md (   20128 bytes). Gates 1,2,4,5,6 pass. Proceeding to grade.
[2026-06-01 00:45:42] [SUCCESS] Blog completed - Victoria Justice, Grade B+ 8.5. Queue updated, rate limit 2/5.
All state is valid and consistent. 

**Notification:** No Telegram tool is available in this environment, so I'm surfacing the notification content here rather than sending it.

**Post-production handoff:** Skipped intentionally. The draft is `production_pretext.status: draft` (not `ready`), and the creator workflow's hard rule is that non-interactive runs never auto-promote to production — human review is required first. So I'm not triggering `blog_content_production_people`.

---

```
📚 9takes Daily Blog Creator — 2026-06-01

✅ SUCCESS

Blog: Victoria Justice
Persona: Hollywood's Reluctant Headliner
Type: 9 (Peacemaker) — queue's corrected call confirmed by analysis
Grade: 8.5/10 (B+) — rubric v2
Duration: ~29 min
Priority: 70

File: src/blog/people/drafts/victoria-justice.md
Gates: 1,2,4,5,6 all pass · 0 blockers

Next blog in queue: Tate McRae (Type 3, Priority 70)
```

```
=== DAILY BLOG CREATOR SUMMARY ===
Date: 2026-06-01
Status: SUCCESS
Blog: victoria-justice
Grade: B+ (8.5)
Duration: ~29 min
Rate limit: 2/5 this week
Next Run: Tomorrow 2:00 AM (next queue item: Tate McRae)
===================================
```

**What ran:**
1. **Pre-flight** — `pause: false`, `forceNext: null`, `inProgress: null`, rate limit 1/5 → all clear.
2. **Selection** — victoria-justice chosen (highest-priority queue item with no existing draft; confirmed via draft check).
3. **Creation** — `blog_content_creator_people_v2` produced a Type 9 profile with a sharp thesis ("the title star who let everyone else write her story"), dated/sourced quotes + collaborator testimony (Gillies, Demos, Grande), a well-formed Enneagram Rabbit Hole, and the 2025 "Love Zombie" comeback as the current anchor. All 5 hard gates pass.
4. **Grading** — `/grade_blog` scored it **B+ 8.5** (Evidence 8.5 / Originality 9 / Discoverability 7.5 / Enneagram 9 / Writing 8.5 / Hook 9). Discoverability held it from an A — the one fix that matters for production is adding `faqs` schema.
5. **Queue + rate limit updated**, JSON validated, activity logged.

**One flag for human review before production:** add `faqs` schema (it's the only thing under 8 and the easiest path to an A-grade), then promote `production_pretext.status` to `ready`.
