[2026-07-07 02:00:00] [INFO] Nightly blog cron starting (dry-run=0)
[2026-07-07 02:00:00] [WARN] DEAD LAUNCH: oliver-tree has no draft and no live pipeline. Returning to queue with retryCount+1.
[2026-07-07 02:00:00] [INFO] SELECTED: oliver-tree (Type 4)
[2026-07-07 02:00:00] [INFO] Launching pipeline for oliver-tree
═════════════════════════════════════════════════════
9takes blog pipeline
Person:  oliver-tree
Draft:   src/blog/people/drafts/oliver-tree.md
Logs:    /Users/djwayne/9takes/docs/content-analysis/pipeline-logs/2026-07-07_020000_oliver-tree
Started: Tue Jul  7 02:00:00 EDT 2026
═════════════════════════════════════════════════════

─────────────────────────────────────────────────────
[Stage 1] create  (started 02:00:00)
Command: /blog_content_creator_people_v2 oliver-tree --non-interactive
Log:     /Users/djwayne/9takes/docs/content-analysis/pipeline-logs/2026-07-07_020000_oliver-tree/1_create.log
─────────────────────────────────────────────────────
Draft complete and saved. All hard gates pass.

```
MODE: non-interactive
DRAFT: /src/blog/people/drafts/Oliver-Tree.md
STATUS: production_pretext.status = draft
BLOCKERS: none
GATES: [Gate 1: pass, Gate 2: pass, Gate 4: pass, Gate 5: pass, Gate 6: pass]
LIMITATIONS: see below
```

## ⚠️ Human review required before publish — read first

**Oliver Tree died on 2026-06-14** (aged 32) in the Rio de Janeiro mid-air helicopter collision. I verified this is real, not a hoax (Wikipedia's dedicated crash article, NBC/BBC/Guardian/Variety, a Snopes debunk of the "faked death" theory, father Jesse Nickell's confirmation). This draft is therefore a **posthumous legacy profile written ~3 weeks after his death** (memorial 2026-07-25). I wrote the death soberly and reserved it for the final section; the typing is about how he lived, and the tragedy deepens the thesis without becoming a gimmick. **A human should sign off on tone/timing/dignity before this publishes.** The pipeline picked him almost certainly because his death made him surge in search.

## What the piece argues
Type **4 (4w3, Sexual subtype)**, confidence high. Thesis: the absurd bowl-cut clown was how a hyper-self-conscious Individualist let himself be seen — an auteur who wrote, produced, mixed, and directed everything, made himself a meme so no one would catch him being sincere, and kept begging his audience to cry. The 4-vs-7 call is resolved in the Rabbit Hole (tiebreaker: he *built and inhabited* the outsider/hurt identity — companies named "Alien Boy," two grief albums — rather than fleeing it like a 7 would).

## Gate ledgers
- **Gate 1 (Testimony):** 5 named quotes — Diplo, Getter, Anthony Fantano, Casey Mattson (childhood friend), family statement. All in body.
- **Gate 6 (Formula Fingerprint):** 0 contrast-pair engines, 0 body counter-typing ladders, same-type similarity top score **0.063** (no trip; T4 is saturated at n=64, avoided all tics + the Billie Eilish comparison). Bespoke form: the Guinness world's-biggest-scooter **scene-autopsy timeline**. Critic anchor: Fantano's "serious musical potential." Empathy turn + interior beat + legacy-now anchor all present.
- **blog-lint:** 0 fail, 1 warn (missing `faqs` frontmatter — that's the downstream enrich stage, out of scope here).

## Internal links added (5)
- Type 4 → `/enneagram-corner/enneagram-type-4`
- Tyler, the Creator → `/personality-analysis/tyler-the-creator`
- Grimes → `/personality-analysis/grimes`
- Wings → `/enneagram-corner/enneagram-wings-complete-guide` (Rabbit Hole)
- Instinctual subtypes → `/enneagram-corner/enneagram-instinctual-subtypes` (Rabbit Hole)

## LIMITATIONS / deliberately excluded (per research flags)
- **"Billions of streams" is false** — his top track "Miss You" is ~740M Spotify; I cited the verifiable ~348M for "Alien Boy" instead.
- Dropped the unverified **CalArts thesis title** ("How to Turn Yourself into a Meme"), the unverified **"Life Goes On" dam-jump**, and the **LSD-funeral / "drug addict"** self-account (diagnosis-adjacent). Used only the well-sourced cousin's-death-at-13 → "I could die at any time" thread, as his own repeated account.
- Deliberately did **not** exploit the eerie "Flowers" video / two-helicopter coincidence as a "prediction" gimmick.

Next step per workflow: human reviews the draft (especially the death handling), then `production_pretext.status: ready` → `blog_content_production_people`. I did not grade it (grading is owned by `/grade_blog`).
[Stage 1] create finished 02:27:26 (exit=0, 1646s)

─────────────────────────────────────────────────────
[Stage 2] fresh_eyes  (started 02:27:26)
Command: /blog_content_fresh_eyes_people oliver-tree
Log:     /Users/djwayne/9takes/docs/content-analysis/pipeline-logs/2026-07-07_020000_oliver-tree/2_fresh_eyes.log
─────────────────────────────────────────────────────
Fresh-eyes notes added to the bottom of `src/blog/people/drafts/Oliver-Tree.md`. This is a strong, already-scrubbed draft — the sensitivity handling and the bespoke scooter "scene autopsy" are genuinely good — so my notes are sharpening, not salvage.

**Reviewed:** the Oliver Tree Type 4 posthumous profile, cross-checked against the captured Steve-O interview transcript (a rich pre-death primary source).

**The 2 biggest issues I flagged:**

1. **The costume was made of real childhood relics — and the draft misses it.** Your own source shows the bowl cut was his actual lifelong haircut, the ski jacket was stolen from his mom's closet, the glasses were his childhood pair. So the draft's line "the bowl cut went where the real face would have been" is backwards — the bowl cut *was* his real face. That his most-mocked disguise is the most autobiographical thing about him is a sharper, sourced Type 4 paradox than anything currently in the piece.

2. **"Closed the door on scooting" is factually too strong.** Scootering never left him — it was his signature Red Rocks stunt weeks before he died, and he was still competing. The tidy injury→studio bridge overstates it; the honest version (scootering stayed to the end, as both wound and act) actually serves your thesis better.

Also worth your eye: the critic pressure is only a *friendly* witness (Fantano), the museum-and-meme idea repeats 3× in the first third, and there's a haunting self-staged-funeral structural rhyme in the deliberately-cut Burning Man material that I flagged as a conscious tradeoff for the human reviewer rather than a demand — given the posthumous sensitivity, that one's genuinely a judgment call.

No body edits made, per the command.
[Stage 2] fresh_eyes finished 02:30:56 (exit=0, 210s)

─────────────────────────────────────────────────────
[Stage 3] second_pass  (started 02:30:56)
Command: /blog_content_second_pass_people oliver-tree
Log:     /Users/djwayne/9takes/docs/content-analysis/pipeline-logs/2026-07-07_020000_oliver-tree/3_second_pass.log
─────────────────────────────────────────────────────
Second pass complete on **`src/blog/people/drafts/Oliver-Tree.md`**.

## What I changed

**The paradox that inverts the whole thesis** (fresh-eyes' best catch, verified against the Steve-O *Wild Ride* #173 transcript in the repo): the "disguise" wasn't a mask he bought — it was assembled entirely from his own childhood. The bowl cut was his lifelong haircut ("too scared to get any other haircut"), the ski jacket was stolen from his mother's closet (a family relic his dad wore skiing), the glasses were his childhood pair, and the whole look was engineered to be "as ugly as possible." So the most-mocked costume in pop was the most autobiographical thing about him. I added this as a new beat in the meme section and fixed the now-backwards "bowl cut hid the real face" line upstream.

**A genuine skeptic**, answered — "one viral gimmick milked through fake retirements; death upgraded a novelty act to auteur." I named it and handed the rebuttal to the rest of the piece rather than re-spending the authorship/will/grief cards. Keeps the empathy from tipping into hagiography.

**Factual correction:** softened the too-tidy "injuries closed the door on scooting" — scootering stayed his signature live stunt to the end — and grounded the stunt persona in real action-sports roots (dad built Santa Cruz's first legit bike park; BMX/downhill/cyclocross; "my real addiction").

**Source fixes:** tagged the cold-open "mirror" quote (High Times, 2020) and Fantano (The Needle Drop, 2020); replaced the unsourceable "worst rapper alive" self-quote with a sourced characterization. Trimmed museum-and-meme from 3 mentions to 2, named "Miss You" as his biggest hit, varied 2 of the 4 "That is the Four's…" sentence shapes, de-duped the "millions of views" quote.

## Source audit after the pass
5 load-bearing quotes — **2 inline, 1 vague, 2 untagged**. The **A/B+ blocker is cleared** (no untagged quote in the epigraph or cold open). The "vague" is Fantano — fully attributed in prose, but the parser only reads the year, not "The Needle Drop." The 2 "untagged" are the song titles `"Alien Boy"` and `"Miss You"` in quotes — parser false positives, not testimony. Lint: **0 fail, 1 warn** (the warn is the downstream frontmatter-enrich stage, unrelated to this pass).

## Left for the human editor
I deliberately did **not** add the Burning Man self-funeral rhyme (self-staged funeral at 17 → fake endings → disbelieved real death). It's drug-vision material the creator pass excluded for a posthumous profile, and fresh-eyes flagged it as reviewer's call. It's the single strongest possible deepening of the ending, but it's a sensitivity/dignity judgment for you, not the second pass. The draft also still carries its `SENSITIVITY / HUMAN REVIEW REQUIRED BEFORE PUBLISH` flag — this remains a posthumous piece that needs a human sign-off on tone/timing before it ships.

Sources used: [High Times](https://hightimes.com/culture/oliver-tree-deals-art/), [Wild Ride! with Steve-O #173 (IMDb, 2023)](https://m.imdb.com/title/tt28731411/), [Turbo persona / Fandom](https://oliver-tree.fandom.com/wiki/Turbo).
[Stage 3] second_pass finished 02:41:18 (exit=0, 622s)

─────────────────────────────────────────────────────
[Stage 4] cohesion  (started 02:41:18)
Command: /cohesion-check src/blog/people/drafts/oliver-tree.md
Log:     /Users/djwayne/9takes/docs/content-analysis/pipeline-logs/2026-07-07_020000_oliver-tree/4_cohesion.log
─────────────────────────────────────────────────────
I've read the full draft. Here's the cohesion audit.

## Cohesion Audit: Oliver-Tree.md

### Central Thesis
Oliver Tree was an Enneagram Type 4 who deliberately turned himself into an absurd meme so the sincere artist underneath could smuggle real feeling past everyone — and his death being read as a hoax is the final proof of how completely he built that disguise.

### Thread Map

| # | Section | What it contributes | Links forward because… |
|---|---------|--------------------|--------------------------|
| — | **Cold open** (13-ft scooter) | The dumb stunt was fully engineered/authored. "The confusion was the design." | Names the core paradox (deliberate author posing as idiot) the whole piece decodes. |
| 1 | **What is his type?** (diagnosis) | Type 4 who "manufactured a person"; the troll act covers an unseen outsider; even Fantano conceded talent. | Establishes the type + the cover mechanism → we now ask where it came from. |
| 2 | **Childhood** | Circus-performer parents, motor-home stage, cousin's death at 13 = "the frame is all you control." | Origin of the performance instinct + the time-is-short conviction. |
| 3 | **Why he turned himself into a meme** | Real music came first (Kryph/CalArts); the bowl cut started as a joke that got views; the stupidity was a *sincerity delivery system* (Mattson); the costume was assembled from his real childhood (most-mocked = most autobiographical); then a genuine skeptic gets a hearing. | Answers the "why," and hands the skeptic's read forward: "watch what the gimmick was carrying." |
| 4 | **The Director Hiding Inside the Clown** | Territorial authorship; for a Four, self and work are one object; scooter timeline; the same instinct welded him inside the costume → isolation. | The auteur beneath the gimmick, and its cost. |
| 5 | **Cowboy Tears** | He meant the title; told men to cry; the wall of distinctness becomes the prison. "Be seen without the bit." | The emotional core / the plea. |
| — | **Rabbit Hole** | Wing/subtype/arrows/counterargument (7 vs 3), quarantined. | Opt-in aside; main thread skips it cleanly. |
| 6 | **Why the world couldn't believe he was gone** | Real 2026 death read as a bit; the disbelief *is* the measure of what he built; tributes say the true thing; the foundation. "On those, he was never joking." | Pays off every planted thread (the "bit," the age-13 conviction, the sincerity). |

The map reads as a coherent outline top-to-bottom. That is already a strong signal.

### Scores

| Check | Score | Issues |
|------------------------|-------|--------|
| Through-Line Clarity | 9/10 | 0 |
| Promise-Delivery Match | 9/10 | 0 |
| Reader Mental Model | 8/10 | 1 |
| Section Transitions | 8/10 | 1 |
| Internal Paragraph Flow| 9/10 | 0 |

**Overall Cohesion Score: 8.5/10** — reads as one unified piece; every section earns its place.

### What's working (untouched)
- **Threaded payoffs.** The age-13 "I could die at any time" conviction is planted in §2, echoed in the Rabbit Hole, and lands the ending ("He had been saying versions of that since he was thirteen"). The word **"bit"** is deliberately carried from the close of Cowboy Tears ("Be seen without the bit") into the death section's second line ("assume it was a bit"). Nothing is orphaned.
- **Forward-pointing bridges** at §3→§4 ("watch what the gimmick was carrying") and §2→§3 ("Before the character, there was the music") are strong — the reader expects exactly what comes next.
- **Promise/delivery** is airtight: title's "meme so no one would see the artist underneath" is landed verbatim in the final paragraph.

### The one bump (minor)

**Transition §1 (diagnosis) → §2 (childhood) is the only weak seam.** Section 1 ends on "the talent underneath kept ambushing people who were certain there was nothing there," and Section 2 opens cold on a birth-year biography: "Oliver Tree Nickell was born in Santa Cruz in 1993…" The heading ("Raised Inside a Traveling Performance") does *some* thematic work, but there's no connective sentence, so the reader feels a small reset from psychology into biography.

**Proposed fix** — one bridging sentence at the top of §2, before the birth line, carrying the "manufactured self / frame" concept into the origin story:

> The instinct to build a frame and live inside it did not come from nowhere.

Then the existing "Oliver Tree Nickell was born in Santa Cruz in 1993…" follows. It's one short declarative line, matches the surrounding rhythm, no em-dash, no banned vocabulary, and doesn't steal the section's own "rolling stage" beat.

---

At 8.5 the piece is already publish-ready on cohesion grounds, so I'm holding the edit rather than applying it unasked. **Want me to add that one bridging sentence?** It's the only change I'd make — everything else is threaded and I'd leave it alone.
[Stage 4] cohesion finished 02:43:25 (exit=0, 127s)

─────────────────────────────────────────────────────
[Stage 5] editor_pass  (started 02:43:25)
Command: /blog_content_editor_pass_people oliver-tree
Log:     /Users/djwayne/9takes/docs/content-analysis/pipeline-logs/2026-07-07_020000_oliver-tree/5_editor_pass.log
─────────────────────────────────────────────────────
Polished **`src/blog/people/drafts/Oliver-Tree.md`** (Enneagram Type 4 posthumous profile).

## What I found
This draft was already unusually clean — it had been through creator, fresh-eyes, and second-pass edits. Every mechanical check was green before I touched it: **0 em-dashes, 0 contrast pairs, 0 banned phrases**, description at 160 chars. So this was a light, surgical polish, not a rework.

## What I fixed (two edits)
1. **Stacked type-generalization openers.** "The Director Hiding Inside the Clown" was carrying two abstraction-led paragraphs back to back ("For a Four…" and "Fours reach for exactly that kind of discipline…") — the sentence-shape fingerprint the fresh-eyes note flagged and the DISTRIBUTION LEDGER meant to avoid. Re-anchored the second one to him: *"He had that kind of discipline in excess."*
2. **Verbal echo in the paradox beat.** The meme-section paragraph opened on "barely a disguise" and closed on "barely disguised at all." Replaced the close with *"The bit and the man were wearing the same clothes."* — lands the same paradox without the repeat, and no "thought X, was really Y" contrast engine sneaks back in.

I left line 119's "look at you without ever seeing you / the louder the costume…" pair alone — the second clause adds a dose-response escalation, so it's rhetorical emphasis with a new dimension, not pure restatement.

## Protected
The empathy turn (Casey Mattson), the interior beat (`inner-thought`), the scooter timeline div, and the ending are all untouched — those are the piece's best moments.

## Exit checks (both pass)
- `blog-lint.sh` (contrast target 0): **0 fail** — em-dash, contrast, comparative, banned-phrase all clean.
- `blog-quality-report`: **contrast pairs 0 total (0 strong / 0 comparative)**, head-term PASS, answer block ok.

## Status
Prose is **production-ready** — no further substantive pass needed. **But it is not clear-to-publish on its own:** the working notes flag this as a posthumous legacy profile (Oliver Tree died 2026-06-14), and both `published: false` and the sensitivity block call for a **human tone/timing/dignity review before publish**. That gate is unchanged and correctly still stands. One non-blocking lint WARN: no `faqs` in frontmatter (the frontmatter-enrich stage hasn't run yet — a discoverability nicety, not an editorial issue).
[Stage 5] editor_pass finished 02:46:52 (exit=0, 207s)

─────────────────────────────────────────────────────
[Stage 6] enrich_frontmatter  (started 02:46:52)
Command: /blog_content_frontmatter_enrich_people oliver-tree
Log:     /Users/djwayne/9takes/docs/content-analysis/pipeline-logs/2026-07-07_020000_oliver-tree/6_enrich_frontmatter.log
─────────────────────────────────────────────────────
```
Frontmatter enrichment complete: Oliver-Tree

Fields filled:
- wikidata_qid, imdb_id, birth_date, birth_place, nationality, occupation,
  knows_about, keywords, same_as, citations, faqs

Fields already present (preserved untouched):
- wikipedia (kept as-is: https://en.wikipedia.org/wiki/Oliver_Tree)
- title, meta_title, persona_title, description, enneagram, type, person, suggestions

FAQs generated (4):
1. What is Oliver Tree's personality type?        → #what-is-oliver-trees-personality-type
2. Why did Oliver Tree turn himself into a meme?  → #why-oliver-tree-turned-himself-into-a-meme
3. Was Oliver Tree a Type 4 or a Type 7?          → #counterarguments-why-he-might-not-be-a-four
4. Why did fans think his death was a hoax?       → #why-the-world-couldnt-believe-oliver-tree-was-really-gone

Verification notes:
- imdb_id nm10708902 cross-checked against Wikidata P345 (confirmed, not a guess).
- wikidata_qid Q55956050 confirmed via Wikidata + Wikipedia interlink.
- All four FAQ anchors map to real body headings (rehype-slug forms).

Issues:
- BIRTHPLACE CONFLICT (resolved): Wikidata P19 lists Santa Rosa, CA (Q159232), but the
  English Wikipedia infobox, the draft body, and GoodTimes (Santa Cruz local outlet) all
  say Santa Cruz, CA. I wrote 'Santa Cruz, California, United States'. Flagging the Wikidata
  discrepancy for anyone who later reconciles the entity record.
- CITATIONS not literally inline in body: the article carries zero external URLs (all links
  are internal /enneagram-corner and /personality-analysis links). I did NOT invent citations
  — I resolved sources the body explicitly names/quotes to their real URLs: The Needle Drop
  (Fantano review, quoted verbatim) and Snopes (the fact-check the body describes), plus
  Wikipedia (bio backbone) and two verified death-coverage sources (Hollywood Reporter,
  GoodTimes) backing the final section. Content-quality note: the body itself would benefit
  from inline source links.
- SENSITIVITY (unchanged, human-review still required): this is a posthumous profile (death
  2026-06-14, memorial 2026-07-25) with an active WORKING NOTES flag requiring human tone/
  dignity review before publish. I touched only frontmatter — body, comment blocks,
  production_pretext, content_quality, and lastmod were all left exactly as found.
```

Body, HTML comment blocks (Testimony Ledger, Fresh Eyes, Second Pass, Editor Pass), and `lastmod` were not modified. The draft is still `published: false` and carries its pre-existing human-review blocker, which is correct for a posthumous piece.
[Stage 6] enrich_frontmatter finished 02:51:29 (exit=0, 277s)

─────────────────────────────────────────────────────
[Stage 6.5] lint (deterministic checks — scripts/blog-lint.sh)
Log:     /Users/djwayne/9takes/docs/content-analysis/pipeline-logs/2026-07-07_020000_oliver-tree/6.5_lint.log
─────────────────────────────────────────────────────
ok    frontmatter field present: title
ok    frontmatter field present: meta_title
ok    frontmatter field present: persona_title
ok    frontmatter field present: description
ok    frontmatter field present: author
ok    frontmatter field present: date
ok    frontmatter field present: enneagram
ok    frontmatter field present: person
ok    frontmatter field present: suggestions
ok    frontmatter field present: production_pretext
ok    description length 160 chars
ok    meta_title length 56 chars
ok    meta_title contains a searchable head term
ok    meta_title contains a person-name token
ok    required H2 'What is [Person]'s personality type?' present
ok    required H3 '[Person] is an Enneagram Type X' present
ok    type-answer opening block is extractable (53 words)
ok    Enneagram Rabbit Hole block present (exactly one)
ok    TL;DR accordion present
ok    firstLetter intro paragraph present
ok    ledger present: TESTIMONY LEDGER
ok    ledger present: HEADING MIX LEDGER
ok    ledger present: DISTRIBUTION LEDGER
ok    ledger present: FORMULA FINGERPRINT LEDGER
ok    no self-loop links
ok    no visible FAQ section in body
ok    no templated FAQ filler
ok    no unfinished markers
ok    faqs present and FAQPage-eligible (4 real Q/A pairs)
ok    contrast-pair sentence engines: 0 strong (target <= 0)
ok    no comparative contrast patterns detected
ok    internal link count: 5
ok    no prose em-dashes (quote attributions exempt)
ok    no banned AI phrases

blog-lint: oliver-tree — 0 fail, 0 warn
[Stage 6.5] lint passed

─────────────────────────────────────────────────────
[Stage 6.6] quality_report  (started 02:51:29)
Command: node /Users/djwayne/9takes/scripts/blog-quality-report.mjs oliver-tree
Log:     /Users/djwayne/9takes/docs/content-analysis/pipeline-logs/2026-07-07_020000_oliver-tree/6.6_quality_report.log
─────────────────────────────────────────────────────
blog-quality-report: oliver-tree
────────────────────────────────────────────────────────────
2.1 Contrast pairs: 0 total  (strong 0, comparative 0)

2.4 Head-term: PASS  meta_title=Oliver Tree Personality Type: The Artist Inside the Joke
   answer-block: ok (53 words; <=60)

1.4 Corpus-count drift: none (corpus total = 379)
[Stage 6.6] quality_report finished (exit=0, 0s)

─────────────────────────────────────────────────────
[Stage 6.7] source_audit  (started 02:51:29)
Command: node /Users/djwayne/9takes/scripts/blog-source-audit.mjs oliver-tree --fail-on-untagged-load-bearing
Log:     /Users/djwayne/9takes/docs/content-analysis/pipeline-logs/2026-07-07_020000_oliver-tree/6.7_source_audit.log
─────────────────────────────────────────────────────
========================================================================
LOAD-BEARING SOURCE AUDIT — oliver-tree  (Type 4)
/Users/djwayne/9takes/src/blog/people/drafts/oliver-tree.md
========================================================================

### EPIGRAPH
  [INLINE  ] "I want to make something that could be in a museum, but could also be a meme."
             outlet="RANGE"  year=2022

### COLD OPEN
  [INLINE  ] "a mirror in front of society to look at how ridiculous we are."
             outlet="High Times"  year=2020  venue="interview"

### DIAGNOSIS
  [UNTAGGED] "Alien Boy"
             — no outlet / year / venue —  (no attribution found)
  [UNTAGGED] "Miss You,"
             — no outlet / year / venue —  (no attribution found)
  [VAGUE   ] "Oliver Tree's debut album proves that, beyond the bowl cut and JNCO jeans, there lies serious musical potential."
             year=2020

### EMPATHY TURN
  (no quoted material in slot)

### CLOSE
  (no quoted material in slot)

------------------------------------------------------------------------
SUMMARY: 5 load-bearing quote(s) — 2 inline, 1 vague, 2 untagged
  untagged quote in epigraph OR cold open: no
  any untagged load-bearing quote:         YES
------------------------------------------------------------------------
[Stage 6.7] source_audit finished (exit=1, 0s)

─────────────────────────────────────────────────────
[Stage 6.8] same_type_similarity  (started 02:51:29)
Command: node /Users/djwayne/9takes/scripts/same-type-similarity.mjs oliver-tree --n 8 --fail-on-trip
Log:     /Users/djwayne/9takes/docs/content-analysis/pipeline-logs/2026-07-07_020000_oliver-tree/6.8_same_type_similarity.log
─────────────────────────────────────────────────────
==============================================================================
SAME-TYPE ARGUMENT-SIMILARITY SCAN — oliver-tree (Type 4)
/Users/djwayne/9takes/src/blog/people/drafts/oliver-tree.md
==============================================================================

Target diagnosis+counter-typing units: 35
Comparison set (last 8 other Type-4 drafts by date):
  - oliver-tree  (2026-07-07, 35 units)
  - sza  (2026-07-04, 47 units)
  - Rose-Blackpink  (2026-07-02, 29 units)
  - megan-fox  (2026-06-28, 47 units)
  - odessa-azion  (2026-06-27, 27 units)
  - lily-allen  (2026-06-24, 24 units)
  - Andrew-Garfield  (2026-06-09, 24 units)
  - noah-kahan  (2026-06-09, 12 units)

Noise floor over 8575 unit pairs:  median=0  p90=0  p99=0.011  max=1
Trip threshold: 0.044  →  TRIPPED

TRIP PAIRS:
------------------------------------------------------------------------------
score 1.000   oliver-tree  <->  oliver-tree
   TARGET [diagnosis] He named his record label Alien Boy Records.
   OTHER  [diagnosis] He named his record label Alien Boy Records.

score 1.000   oliver-tree  <->  oliver-tree
   TARGET [diagnosis] "Oliver Tree's debut album proves that
   OTHER  [diagnosis] "Oliver Tree's debut album proves that

score 1.000   oliver-tree  <->  oliver-tree
   TARGET [counter-typing] the fake retirements as escape hatches
   OTHER  [counter-typing] the fake retirements as escape hatches

score 1.000   oliver-tree  <->  oliver-tree
   TARGET [counter-typing] Here is why the Four call holds anyway.
   OTHER  [counter-typing] Here is why the Four call holds anyway.

score 1.000   oliver-tree  <->  oliver-tree
   TARGET [counter-typing] He named two companies after it
   OTHER  [counter-typing] He named two companies after it

score 1.000   oliver-tree  <->  oliver-tree
   TARGET [counter-typing] The travel and the chaos were a Four's search for meaning under a private certainty that time was short.
   OTHER  [counter-typing] The travel and the chaos were a Four's search for meaning under a private certainty that time was short.

score 1.000   oliver-tree  <->  oliver-tree
   TARGET [counter-typing] A Type 3 case exists too
   OTHER  [counter-typing] A Type 3 case exists too

score 1.000   oliver-tree  <->  oliver-tree
   TARGET [counter-typing] and this man built an aesthetic literally titled Ugly Is Beautiful and called himself "the ugly Justin Bieber." He wanted to be unrepeatable more than he wanted to be admired.
   OTHER  [counter-typing] and this man built an aesthetic literally titled Ugly Is Beautiful and called himself "the ugly Justin Bieber." He wanted to be unrepeatable more than he wanted to be admired.

score 1.000   oliver-tree  <->  oliver-tree
   TARGET [diagnosis] Oliver Tree was an Enneagram Type 4
   OTHER  [diagnosis] Oliver Tree was an Enneagram Type 4

score 1.000   oliver-tree  <->  oliver-tree
   TARGET [diagnosis] Fours build their identity out of what sets them apart
   OTHER  [diagnosis] Fours build their identity out of what sets them apart

score 1.000   oliver-tree  <->  oliver-tree
   TARGET [diagnosis] Oliver Tree pushed that instinct further than almost any artist of his generation.
   OTHER  [diagnosis] Oliver Tree pushed that instinct further than almost any artist of his generation.

score 1.000   oliver-tree  <->  oliver-tree
   TARGET [diagnosis] "Alien Boy" was also a breakout single
   OTHER  [diagnosis] "Alien Boy" was also a breakout single


Most similar drafts (max unit-pair score):
  1.000 ######################################## oliver-tree
  0.108 ####                 megan-fox
  0.049 ##                   odessa-azion
  0.032 #                    Andrew-Garfield
  0.031 #                    lily-allen
  0.025 #                    noah-kahan
  0.022 #                    sza
  0.018 #                    Rose-Blackpink

TOP SIMILAR SENTENCE/CLAUSE PAIRS:
------------------------------------------------------------------------------
score 1.000   oliver-tree  <->  oliver-tree
   TARGET [diagnosis] He named his record label Alien Boy Records.
   OTHER  [diagnosis] He named his record label Alien Boy Records.

score 1.000   oliver-tree  <->  oliver-tree
   TARGET [diagnosis] "Oliver Tree's debut album proves that
   OTHER  [diagnosis] "Oliver Tree's debut album proves that

score 1.000   oliver-tree  <->  oliver-tree
   TARGET [counter-typing] the fake retirements as escape hatches
   OTHER  [counter-typing] the fake retirements as escape hatches

score 1.000   oliver-tree  <->  oliver-tree
   TARGET [counter-typing] Here is why the Four call holds anyway.
   OTHER  [counter-typing] Here is why the Four call holds anyway.

score 1.000   oliver-tree  <->  oliver-tree
   TARGET [counter-typing] He named two companies after it
   OTHER  [counter-typing] He named two companies after it

score 1.000   oliver-tree  <->  oliver-tree
   TARGET [counter-typing] The travel and the chaos were a Four's search for meaning under a private certainty that time was short.
   OTHER  [counter-typing] The travel and the chaos were a Four's search for meaning under a private certainty that time was short.

score 1.000   oliver-tree  <->  oliver-tree
   TARGET [counter-typing] A Type 3 case exists too
   OTHER  [counter-typing] A Type 3 case exists too

score 1.000   oliver-tree  <->  oliver-tree
   TARGET [counter-typing] and this man built an aesthetic literally titled Ugly Is Beautiful and called himself "the ugly Justin Bieber." He wanted to be unrepeatable more than he wanted to be admired.
   OTHER  [counter-typing] and this man built an aesthetic literally titled Ugly Is Beautiful and called himself "the ugly Justin Bieber." He wanted to be unrepeatable more than he wanted to be admired.

score 1.000   oliver-tree  <->  oliver-tree
   TARGET [diagnosis] Oliver Tree was an Enneagram Type 4
   OTHER  [diagnosis] Oliver Tree was an Enneagram Type 4

score 1.000   oliver-tree  <->  oliver-tree
   TARGET [diagnosis] Fours build their identity out of what sets them apart
   OTHER  [diagnosis] Fours build their identity out of what sets them apart

score 1.000   oliver-tree  <->  oliver-tree
   TARGET [diagnosis] Oliver Tree pushed that instinct further than almost any artist of his generation.
   OTHER  [diagnosis] Oliver Tree pushed that instinct further than almost any artist of his generation.

score 1.000   oliver-tree  <->  oliver-tree
   TARGET [diagnosis] "Alien Boy" was also a breakout single
   OTHER  [diagnosis] "Alien Boy" was also a breakout single

------------------------------------------------------------------------------
Top pair scores 1 vs median 0  (~∞x the noise floor).
[Stage 6.8] same_type_similarity finished (exit=1, 0s)

[pre-grade] No existing content_quality block on draft
─────────────────────────────────────────────────────
[Stage 7] grade  (started 02:51:29)
Command: /grade_blog oliver-tree
Log:     /Users/djwayne/9takes/docs/content-analysis/pipeline-logs/2026-07-07_020000_oliver-tree/7_grade.log
─────────────────────────────────────────────────────
Grade written to the file. Here's the summary.

## Grading Complete — Oliver Tree

| Blog | Evid | Orig | Disc | Ennea | Writing | Hook | Overall | Grade |
|------|------|------|------|-------|---------|------|---------|-------|
| Oliver-Tree | 8 | 8.5 | 9 | 8.5 | 8 | 9 | **8.5** | **B+** |

*(Weighted: (8×1.5 + 8.5×1.5 + 9×1.5 + 8.5 + 8 + 9×0.5) / 7 = 8.46 → 8.5. Discoverability 9 ≥ 7, no gate. No formula caps.)*

### Key observations

- **Discoverability (9) is the standout** — optimal metadata lengths, 4 rich search-intent FAQs with anchors, complete entity metadata, an early extractable answer, and a death-hoax angle that's a genuine search magnet.
- **The signature detail is real and sourced** — the costume assembled from his own childhood (bowl cut, mother's ski jacket, childhood glasses) → "The bit and the man were wearing the same clothes." That's what lifts it above a familiar sad-clown arc and passes the swap test.
- **The one thing keeping it from A is sourcing**, not craft: my manual load-bearing check found the will→foundation coda (carrying both the ending *and* the growth-arrow) attributed only to "one of his final interviews" — no outlet/date — plus untagged stream counts, the Thom Yorke praise, and R&S Records. The thesis-load-bearing quotes are all cleanly outlet+year tagged, so this docks Evidence to 8 rather than triggering the 6-cap.
- **Clean on formula:** 0 contrast pairs, empathy turn avoids house "armor/scar tissue" grammar, ending cuts to black, typology quarantined in a well-formed rabbit hole. The similarity "TRIP" was a self-pair artifact — no genuine cross-draft collision.
- **Sensitivity flag stands:** posthumous piece; `needs_review: false` is grade-only. The WORKING NOTES human tone/dignity review before publish is independent of the score.

**Total graded this session: 1**

Note: publication/revision decisions happen downstream from these numbers — this is the calibrated score only.
[Stage 7] grade finished 02:56:45 (exit=0, 316s)

[Stage 8] Revision loop triggered: deterministic report warnings; 
─────────────────────────────────────────────────────
[Stage 8] revise  (started 02:56:45)
Command: /blog_content_revision_pass_people oliver-tree
Log:     /Users/djwayne/9takes/docs/content-analysis/pipeline-logs/2026-07-07_020000_oliver-tree/8_revise.log
─────────────────────────────────────────────────────
Revision pass complete on `src/blog/people/drafts/Oliver-Tree.md`.

## What triggered the loop
Grade **B+ (8.5)**, with **Evidence at 8** the lowest weighted dimension. Lint was already clean (0 fail), so this was purely a grader-feedback pass on the NEEDS WORK + TO REACH A items. Because it's a posthumous piece asserting a real death, I verified every claim by web search before touching the prose — the death (June 14, 2026, Rio mid-air helicopter collision) is confirmed by NBC, Variety, ABC, Wikipedia, so the premise is sound, not a pipeline fabrication.

## Fixes applied → to the item they address

**Sourcing (NEEDS WORK — the single biggest lever, all five verified):**
- **Will/foundation coda** → now "an April 2026 appearance on *The Zach Sang Show*" (in Shrek costume; confirmed by Stereogum/Complex/Vice)
- **Rapunzel-holed-up quote** → tagged to *Hypebeast*, 2024 (the interview already cited two paragraphs up)
- **R&S Records / Thom Yorke** → dated (signed at twenty; 2013 EP *Demons*); "praised" softened to "signed off on" — the sources say Yorke *approved the demo*, not that he praised it
- **Stream counts** → corrected to reality and kept Spotify-attributed: "Alien Boy" 348M → "more than 340 million" (actual ~340M); "Miss You" "pass 700 million" → "climb past 800 million" (actual ~816M, his #1)

**Genuine detractor (TO REACH A #2):** replaced the author-ventriloquized skeptic beat with a real, dated one — RANGE 2022's "Is Oliver Tree for real?" framing plus the documented fan bind (bit found exhausting by year three, yet the fanbase revolted when he hinted at dropping it, Variety 2022) — then answered by handoff to authorship/grief/will. Killed the "Keep that read close" reader-command.

**Type-generalization openers (NEEDS WORK + TO REACH A #3):** person-anchored all three the grader named ("The trade is pure Type 4" → "He would happily be a joke…"; "For a Four…" → "For Oliver Tree…"; "That is the Individualist's cruelest trick…" → "He had built a self so distinct…"), and converted the "Return to that scooter" command to a declarative.

## Rejected (with reason)
- **Burning Man self-funeral rhyme (TO REACH A #4):** out of scope for an automated pass and explicitly sensitivity-gated on human review by both fresh-eyes and the second pass. Left for the human reviewer, as flagged.
- **Wholesale monocausal-thesis rework:** out of scope for a targeted pass; the detractor addition adds the missing dimension without reopening research.

## Housekeeping
- Updated the FORMULA FINGERPRINT critic-pressure anchor to log the new detractor; other ledgers unchanged (heading mix, distribution count, testimony count all still accurate).
- Appended a `REVISION PASS NOTES (2026-07-07)` block.
- **Lint: clean (0 fail, 0 warn).**

The pipeline will now strip the old grade and re-grade. Two standing flags carry forward untouched: the **posthumous human tone/dignity review before publish**, and `published: false`.
[Stage 8] revise finished 03:04:34 (exit=0, 469s)

─────────────────────────────────────────────────────
[Stage 8.5] lint (deterministic checks — scripts/blog-lint.sh)
Log:     /Users/djwayne/9takes/docs/content-analysis/pipeline-logs/2026-07-07_020000_oliver-tree/8.5_lint.log
─────────────────────────────────────────────────────
ok    frontmatter field present: title
ok    frontmatter field present: meta_title
ok    frontmatter field present: persona_title
ok    frontmatter field present: description
ok    frontmatter field present: author
ok    frontmatter field present: date
ok    frontmatter field present: enneagram
ok    frontmatter field present: person
ok    frontmatter field present: suggestions
ok    frontmatter field present: production_pretext
ok    description length 160 chars
ok    meta_title length 56 chars
ok    meta_title contains a searchable head term
ok    meta_title contains a person-name token
ok    required H2 'What is [Person]'s personality type?' present
ok    required H3 '[Person] is an Enneagram Type X' present
ok    type-answer opening block is extractable (53 words)
ok    Enneagram Rabbit Hole block present (exactly one)
ok    TL;DR accordion present
ok    firstLetter intro paragraph present
ok    ledger present: TESTIMONY LEDGER
ok    ledger present: HEADING MIX LEDGER
ok    ledger present: DISTRIBUTION LEDGER
ok    ledger present: FORMULA FINGERPRINT LEDGER
ok    no self-loop links
ok    no visible FAQ section in body
ok    no templated FAQ filler
ok    no unfinished markers
ok    faqs present and FAQPage-eligible (4 real Q/A pairs)
ok    contrast-pair sentence engines: 0 strong (target <= 0)
ok    no comparative contrast patterns detected
ok    internal link count: 5
ok    no prose em-dashes (quote attributions exempt)
ok    no banned AI phrases

blog-lint: oliver-tree — 0 fail, 0 warn
[Stage 8.5] lint passed

[pre-grade] Stripping existing content_quality block from src/blog/people/drafts/oliver-tree.md for a clean re-grade
[pre-grade] Stripping prior QUALITY GRADE comment(s) from src/blog/people/drafts/oliver-tree.md
─────────────────────────────────────────────────────
[Stage 9] regrade  (started 03:04:34)
Command: /grade_blog oliver-tree
Log:     /Users/djwayne/9takes/docs/content-analysis/pipeline-logs/2026-07-07_020000_oliver-tree/9_regrade.log
─────────────────────────────────────────────────────
Grading complete. Both the `content_quality` frontmatter block and the reviewer comment are written to the draft.

## Grading Complete — Oliver Tree

| Blog | Evid | Orig | Disc | Ennea | Writing | Hook | Overall | Grade |
|------|------|------|------|-------|---------|------|---------|-------|
| Oliver-Tree | 9 | 8.5 | 9 | 9 | 8.5 | 9 | **8.8** | **B+** |

*(Weighted: (9×1.5 + 8.5×1.5 + 9×1.5 + 9 + 8.5 + 9×0.5) / 7 = 8.8. Discoverability 9 ≥ 7 → no gate. No caps applied.)*

### Key observations

- **Genuinely strong B+, not the A the pipeline was fishing for.** The prior grade was 8.5; the revision pass targeted Evidence + detractor and moved it to 8.8 (delta 0.3 — a healthy, non-inflated bump, not a wild swing).
- **What lifts it above competent:** the sourced costume-from-childhood-relics paradox (its best original beat) and the bespoke scooter-timeline scene-autopsy. Discoverability is objectively excellent — head-term meta_title, extractable answer block, 4 real FAQs including the "death hoax" long-tail, complete `same_as`.
- **What holds it under A:** single-lane thesis (everything routes to "joke as sincerity delivery system"), and mildly metronomic aphoristic section-closers — the one visible house fingerprint. Evidence is a strong 9 but the Spotify stream counts lack a pull-date/publisher and the cousin-death conviction rests on "his own repeated account."

### Deterministic checks
- **Source audit:** 5 load-bearing quotes — the 2 "untagged" ("Alien Boy"/"Miss You") are song titles (parser false positives), the 1 "vague" (Fantano) is prose-attributed to The Needle Drop 2020. No load-bearing claim lacks a traceable source → no Evidence cap.
- **Quality report:** 0 contrast pairs, head-term PASS, answer-block PASS.
- **Same-type scan:** trips only on self-comparisons — no cross-draft near-verbatim reuse against the other Type 4 drafts. Sameness gate does not fire.
- **Empathy turn** uses person-specific grammar, not the house "not X, it was armor" shape → no `house_empathy_turn` cap.

**Note (not part of the grade):** the WORKING NOTES correctly flag this as a posthumous profile requiring human tone/dignity review before publish. The 8.8 reflects craft only; that sensitivity gate is a downstream decision.

**Total graded this session: 1**
[Stage 9] regrade finished 03:09:47 (exit=0, 313s)

═════════════════════════════════════════════════════
Pipeline complete for: oliver-tree
Finished: Tue Jul  7 03:09:47 EDT 2026
All logs: /Users/djwayne/9takes/docs/content-analysis/pipeline-logs/2026-07-07_020000_oliver-tree
LINT: passed
─────────────────────────────────────────────────────
[Stage 9.5] quality_report_after_revision  (started 03:09:47)
Command: node /Users/djwayne/9takes/scripts/blog-quality-report.mjs oliver-tree
Log:     /Users/djwayne/9takes/docs/content-analysis/pipeline-logs/2026-07-07_020000_oliver-tree/9.5_quality_report_after_revision.log
─────────────────────────────────────────────────────
blog-quality-report: oliver-tree
────────────────────────────────────────────────────────────
2.1 Contrast pairs: 0 total  (strong 0, comparative 0)

2.4 Head-term: PASS  meta_title=Oliver Tree Personality Type: The Artist Inside the Joke
   answer-block: ok (53 words; <=60)

1.4 Corpus-count drift: none (corpus total = 379)
[Stage 9.5] quality_report_after_revision finished (exit=0, 0s)

─────────────────────────────────────────────────────
[Stage 9.6] source_audit_after_revision  (started 03:09:47)
Command: node /Users/djwayne/9takes/scripts/blog-source-audit.mjs oliver-tree --fail-on-untagged-load-bearing
Log:     /Users/djwayne/9takes/docs/content-analysis/pipeline-logs/2026-07-07_020000_oliver-tree/9.6_source_audit_after_revision.log
─────────────────────────────────────────────────────
========================================================================
LOAD-BEARING SOURCE AUDIT — oliver-tree  (Type 4)
/Users/djwayne/9takes/src/blog/people/drafts/oliver-tree.md
========================================================================

### EPIGRAPH
  [INLINE  ] "I want to make something that could be in a museum, but could also be a meme."
             outlet="RANGE"  year=2022

### COLD OPEN
  [INLINE  ] "a mirror in front of society to look at how ridiculous we are."
             outlet="High Times"  year=2020  venue="interview"

### DIAGNOSIS
  [UNTAGGED] "Alien Boy"
             — no outlet / year / venue —  (no attribution found)
  [UNTAGGED] "Miss You,"
             — no outlet / year / venue —  (no attribution found)
  [VAGUE   ] "Oliver Tree's debut album proves that, beyond the bowl cut and JNCO jeans, there lies serious musical potential."
             year=2020

### EMPATHY TURN
  (no quoted material in slot)

### CLOSE
  (no quoted material in slot)

------------------------------------------------------------------------
SUMMARY: 5 load-bearing quote(s) — 2 inline, 1 vague, 2 untagged
  untagged quote in epigraph OR cold open: no
  any untagged load-bearing quote:         YES
------------------------------------------------------------------------
[Stage 9.6] source_audit_after_revision finished (exit=1, 0s)

─────────────────────────────────────────────────────
[Stage 9.7] same_type_similarity_after_revision  (started 03:09:47)
Command: node /Users/djwayne/9takes/scripts/same-type-similarity.mjs oliver-tree --n 8 --fail-on-trip
Log:     /Users/djwayne/9takes/docs/content-analysis/pipeline-logs/2026-07-07_020000_oliver-tree/9.7_same_type_similarity_after_revision.log
─────────────────────────────────────────────────────
==============================================================================
SAME-TYPE ARGUMENT-SIMILARITY SCAN — oliver-tree (Type 4)
/Users/djwayne/9takes/src/blog/people/drafts/oliver-tree.md
==============================================================================

Target diagnosis+counter-typing units: 37
Comparison set (last 8 other Type-4 drafts by date):
  - oliver-tree  (2026-07-07, 37 units)
  - sza  (2026-07-04, 47 units)
  - Rose-Blackpink  (2026-07-02, 29 units)
  - megan-fox  (2026-06-28, 47 units)
  - odessa-azion  (2026-06-27, 27 units)
  - lily-allen  (2026-06-24, 24 units)
  - Andrew-Garfield  (2026-06-09, 24 units)
  - noah-kahan  (2026-06-09, 12 units)

Noise floor over 9139 unit pairs:  median=0  p90=0  p99=0.012  max=1
Trip threshold: 0.048  →  TRIPPED

TRIP PAIRS:
------------------------------------------------------------------------------
score 1.000   oliver-tree  <->  oliver-tree
   TARGET [diagnosis] He named his record label Alien Boy Records.
   OTHER  [diagnosis] He named his record label Alien Boy Records.

score 1.000   oliver-tree  <->  oliver-tree
   TARGET [diagnosis] Given the choice between singular and liked
   OTHER  [diagnosis] Given the choice between singular and liked

score 1.000   oliver-tree  <->  oliver-tree
   TARGET [diagnosis] "Oliver Tree's debut album proves that
   OTHER  [diagnosis] "Oliver Tree's debut album proves that

score 1.000   oliver-tree  <->  oliver-tree
   TARGET [counter-typing] the fake retirements as escape hatches
   OTHER  [counter-typing] the fake retirements as escape hatches

score 1.000   oliver-tree  <->  oliver-tree
   TARGET [counter-typing] Here is why the Four call holds anyway.
   OTHER  [counter-typing] Here is why the Four call holds anyway.

score 1.000   oliver-tree  <->  oliver-tree
   TARGET [counter-typing] He named two companies after it
   OTHER  [counter-typing] He named two companies after it

score 1.000   oliver-tree  <->  oliver-tree
   TARGET [counter-typing] The travel and the chaos were a Four's search for meaning under a private certainty that time was short.
   OTHER  [counter-typing] The travel and the chaos were a Four's search for meaning under a private certainty that time was short.

score 1.000   oliver-tree  <->  oliver-tree
   TARGET [counter-typing] A Type 3 case exists too
   OTHER  [counter-typing] A Type 3 case exists too

score 1.000   oliver-tree  <->  oliver-tree
   TARGET [counter-typing] and this man built an aesthetic literally titled Ugly Is Beautiful and called himself "the ugly Justin Bieber." He wanted to be unrepeatable more than he wanted to be admired.
   OTHER  [counter-typing] and this man built an aesthetic literally titled Ugly Is Beautiful and called himself "the ugly Justin Bieber." He wanted to be unrepeatable more than he wanted to be admired.

score 1.000   oliver-tree  <->  oliver-tree
   TARGET [diagnosis] Oliver Tree was an Enneagram Type 4
   OTHER  [diagnosis] Oliver Tree was an Enneagram Type 4

score 1.000   oliver-tree  <->  oliver-tree
   TARGET [diagnosis] Fours build their identity out of what sets them apart
   OTHER  [diagnosis] Fours build their identity out of what sets them apart

score 1.000   oliver-tree  <->  oliver-tree
   TARGET [diagnosis] Oliver Tree pushed that instinct further than almost any artist of his generation.
   OTHER  [diagnosis] Oliver Tree pushed that instinct further than almost any artist of his generation.


Most similar drafts (max unit-pair score):
  1.000 ######################################## oliver-tree
  0.108 ####                 megan-fox
  0.049 ##                   odessa-azion
  0.035 #                    Andrew-Garfield
  0.031 #                    lily-allen
  0.025 #                    noah-kahan
  0.022 #                    sza
  0.018 #                    Rose-Blackpink

TOP SIMILAR SENTENCE/CLAUSE PAIRS:
------------------------------------------------------------------------------
score 1.000   oliver-tree  <->  oliver-tree
   TARGET [diagnosis] He named his record label Alien Boy Records.
   OTHER  [diagnosis] He named his record label Alien Boy Records.

score 1.000   oliver-tree  <->  oliver-tree
   TARGET [diagnosis] Given the choice between singular and liked
   OTHER  [diagnosis] Given the choice between singular and liked

score 1.000   oliver-tree  <->  oliver-tree
   TARGET [diagnosis] "Oliver Tree's debut album proves that
   OTHER  [diagnosis] "Oliver Tree's debut album proves that

score 1.000   oliver-tree  <->  oliver-tree
   TARGET [counter-typing] the fake retirements as escape hatches
   OTHER  [counter-typing] the fake retirements as escape hatches

score 1.000   oliver-tree  <->  oliver-tree
   TARGET [counter-typing] Here is why the Four call holds anyway.
   OTHER  [counter-typing] Here is why the Four call holds anyway.

score 1.000   oliver-tree  <->  oliver-tree
   TARGET [counter-typing] He named two companies after it
   OTHER  [counter-typing] He named two companies after it

score 1.000   oliver-tree  <->  oliver-tree
   TARGET [counter-typing] The travel and the chaos were a Four's search for meaning under a private certainty that time was short.
   OTHER  [counter-typing] The travel and the chaos were a Four's search for meaning under a private certainty that time was short.

score 1.000   oliver-tree  <->  oliver-tree
   TARGET [counter-typing] A Type 3 case exists too
   OTHER  [counter-typing] A Type 3 case exists too

score 1.000   oliver-tree  <->  oliver-tree
   TARGET [counter-typing] and this man built an aesthetic literally titled Ugly Is Beautiful and called himself "the ugly Justin Bieber." He wanted to be unrepeatable more than he wanted to be admired.
   OTHER  [counter-typing] and this man built an aesthetic literally titled Ugly Is Beautiful and called himself "the ugly Justin Bieber." He wanted to be unrepeatable more than he wanted to be admired.

score 1.000   oliver-tree  <->  oliver-tree
   TARGET [diagnosis] Oliver Tree was an Enneagram Type 4
   OTHER  [diagnosis] Oliver Tree was an Enneagram Type 4

score 1.000   oliver-tree  <->  oliver-tree
   TARGET [diagnosis] Fours build their identity out of what sets them apart
   OTHER  [diagnosis] Fours build their identity out of what sets them apart

score 1.000   oliver-tree  <->  oliver-tree
   TARGET [diagnosis] Oliver Tree pushed that instinct further than almost any artist of his generation.
   OTHER  [diagnosis] Oliver Tree pushed that instinct further than almost any artist of his generation.

------------------------------------------------------------------------------
Top pair scores 1 vs median 0  (~∞x the noise floor).
[Stage 9.7] same_type_similarity_after_revision finished (exit=1, 0s)

REVISION LOOP: ran once (trigger: deterministic report warnings)
GRADE: 8.5 → 8.8 (first grade → after revision)

Final draft frontmatter (grade summary):
enneagram: 4
  hook: 9
  enneagram: 9
  evidence: 9
  writing: 8.5
  originality: 8.5
  discoverability: 9
  overall: 8.8
  letter: 'B+'
  rubric_version: 2
  graded_at: '2026-07-07'
Summary JSON: /Users/djwayne/9takes/docs/content-analysis/pipeline-logs/2026-07-07_020000_oliver-tree/summary.json
═════════════════════════════════════════════════════
[2026-07-07 03:09:47] [INFO] Pipeline exited code=0 after 69 min
[2026-07-07 03:09:47] [WARN] Pipeline left STAGE_WARNINGS (a stage errored but the run continued): stage=6.7_source_audit exit=1 dur=0s at=2026-07-07 02:51:29
stage=6.8_same_type_similarity exit=1 dur=0s at=2026-07-07 02:51:29
stage=9.6_source_audit_after_revision exit=1 dur=0s at=2026-07-07 03:09:47
stage=9.7_same_type_similarity_after_revision exit=1 dur=0s at=2026-07-07 03:09:47
[2026-07-07 03:09:48] [SUCCESS] Completed: Oliver Tree — grade 8.8 (B+)
[2026-07-07 03:09:48] [INFO] NOTIFY: ✅ 9takes nightly blog: Oliver Tree (Type 4) — grade 8.8 (B+), disc 9, 69 min. needsReview=true
[2026-07-07 03:09:48] [INFO] Nightly blog cron finished
