[2026-04-27 01:23:32] [INFO] Daily blog creator starting
[2026-04-27 01:23:32] [INFO] Pre-flight checks passed
[2026-04-27 01:23:32] [INFO] SELECTED: sandra-bullock (Type 9, Priority: 88, retryCount: 1)
[2026-04-27 01:23:32] [INFO] Reason: Huge name recognition, fills Type 9 gap, private persona makes compelling analysis
[2026-04-27 01:32:57] [SUCCESS] Draft created: src/blog/people/drafts/Sandra-Bullock.md
[2026-04-27 01:32:57] [INFO] Grade: 8.8 (B+) - hook:9 enneagram:9 evidence:8 writing:9 originality:9
[2026-04-27 01:32:57] [INFO] Daily blog creator complete
[2026-04-27 01:35:00] [INFO] Manual daily blog creator invocation (--non-interactive)
[2026-04-27 01:35:00] [INFO] Pre-flight checks passed (pause=false, inProgress=null, rateLimit=1/5)
[2026-04-27 01:35:00] [INFO] SELECTED: shakira (Type 7, Priority: 87)
[2026-04-27 01:35:00] [INFO] Reason: Global icon, divorce revenge era driving massive search, international audience
[2026-04-27 01:35:00] [INFO] Marked inProgress in queue file
[2026-04-27 01:35:00] [INFO] Invoking blog_content_creator_people skill...
[2026-04-27 02:14:00] [INFO] Draft created: src/blog/people/drafts/Shakira.md (4580 words)
[2026-04-27 02:14:30] [INFO] Type confirmed: 7 (7w8 with Type 3 integration features)
[2026-04-27 02:14:30] [INFO] Core tension: Joy as armor — keeping motion when stillness would break her
[2026-04-27 02:14:30] [INFO] Internal links added: 4 (Type 7 explainer, Type 7 stress, Bad Bunny, Doja Cat)
[2026-04-27 02:14:30] [INFO] Transcripts: 1 full (Apple Music/Zane Lowe), 1 partial (Fallon polygraph), 1 failed (60 Minutes)
[2026-04-27 02:15:00] [INFO] Grade: 8.9 (B+) - hook:9 enneagram:9 evidence:8.5 writing:9 originality:9
[2026-04-27 02:15:00] [SUCCESS] Blog completed - Shakira, Grade 8.9 (B+)
[2026-04-27 02:15:00] [INFO] Queue updated: shakira moved to completed; inProgress cleared
[2026-04-27 02:15:00] [INFO] Rate limit incremented: 1/5 → 2/5 this week
[2026-04-27 02:15:00] [INFO] Status: production_pretext=draft (human review required before production)
[2026-04-27 02:15:00] [INFO] Daily blog creator complete
```
=== DAILY BLOG CREATOR SUMMARY ===
MODE: non-interactive
DATE: 2026-04-27
STATUS: ✅ SUCCESS

BLOG: Shakira (Type 7 — "Pop's Restless She-Wolf")
PRIORITY: 87 (contemporary-music-cluster)
GRADE: 8.9 / B+ (hook:9 enneagram:9 evidence:8.5 writing:9 originality:9)
DURATION: ~40 min
WORD COUNT: 4,580

DRAFT: /Users/djwayne/9takes/src/blog/people/drafts/Shakira.md
PRODUCTION_PRETEXT.STATUS: draft (human review required before production)

CORE TENSION: Joy as armor — keeping motion when stillness would break her
ORIGINALITY HOOK: Generational reversal — 8yo Shakira wrote "Tus Gafas Oscuras" because her father wore dark glasses to hide grief; 11yo Milan now writes piano songs when sad because Shakira modeled it during the divorce.

INTERNAL LINKS (4): Type 7 explainer, Type 7 stress, Bad Bunny, Doja Cat
TRANSCRIPTS: Apple Music/Zane Lowe (full), Fallon polygraph (partial); 60 Minutes failed

QUEUE STATE:
  - inProgress: cleared
  - completed: Shakira added (queue completedCount: 11)
  - rate limit: 2/5 this week (week start 2026-04-23)
  - next in queue: Jennifer Coolidge (Type 7, priority 86)

LIMITATIONS / HUMAN-REVIEW NOTES:
  - Only one long-form first-person transcript fetched. To push toward 9.0+, add a second transcript (60 Minutes or Drew Barrymore) and testimony from Rafael Arcaute.
  - Type call (7w8 with strong 3 integration): some external typings list 2w3/3w2. Agent's reasoning for 7: public vulnerability ("hole in my chest") is anti-3 behavior; 7→1 stress disintegration matches Bizarrap perfectionism stories.
  - Strawberry-jam discovery story kept out of body (Shakira denied to Sunday Times); only in working notes.
  - Telegram notification: not sent from this session — no bot wiring available here.

NEXT STEP FOR HUMAN: Review draft at /admin/drafts/Shakira. If approved, set production_pretext.status to ready and run /blog_content_production_people shakira.
===================================
```

Two blogs created today (Sandra Bullock 01:32, Shakira 02:15). Want me to /schedule a routine to verify Shakira's grade holds up after a fresh-eyes read in 24 hours?
