[2026-05-23 02:03:13] [INFO] Daily blog creator: cleared stale Lizzo (moved to completed, grade 8.7), reset week (2026-05-23, count=0), selected paige-spiranac as inProgress. Now executing blog_content_creator_people.
[2026-05-23 02:05:19] [INFO] Launching subprocess: blog_content_creator_people_v2 paige-spiranac (non-interactive, --print).
Draft saved. Final report:

```
MODE: non-interactive
DRAFT: /src/blog/people/drafts/Paige-Spiranac.md
STATUS: production_pretext.status = draft
BLOCKERS: none
GATES:
  Gate 1 (Testimony Ledger ≥2): pass — 3 qualifying quotes (Juli Inkster, Sarah Spain, Francis Ellis)
  Gate 2 (Heading Mix ≥2 SI/hybrid): pass — 7 of 8 H2s search-intent or hybrid
  Gate 3 (No self-loops): pass
  Gate 4 (Anti-imitation): pass — no "A [Type]" anaphora in ending; ending anaphora is on "She" / behavior
  Gate 5 (Distribution Rule ≤4): pass — 1 type-theory paragraph in main body (the stress-9 paragraph)
  Gate 6 (Formula Fingerprint): pass — 1 deliberate opening contrast, 0 counter-typing ladders, named critic pressure (Inkster/Spain), 2025–2026 current-tense anchor (quiet year → Beef Franke donation → generational content run), ending swap-test passes
LIMITATIONS: none — full WebSearch research; no transcript fetch needed (sufficient quote density from interviews and reporting)

INTERNAL LINKS (5 total):
- Type 3 → /enneagram-corner/enneagram-type-3
- wings → /enneagram-corner/enneagram-wings-complete-guide
- Type 3 under stress → /enneagram-corner/enneagram-types-in-stress
- Jennifer Lopez → /personality-analysis/Jennifer-Lopez
- Hailey Bieber → /personality-analysis/Hailey-Bieber

PIECE: Type 3w2 diagnosis. Core tension: the LPGA card she wanted never came; the brand she didn't ask for is the one she's better at than anyone else in her sport. ~3,500 words. Hook on bowl-cut/inhaler vs. Maxim cover. Ending lands on the anonymous $15K donation to Cody "Beef" Franke's family — the Type 3 → 6 growth move — and a callback to the eleven-year-old at the lunch table.
```
[2026-05-23 02:15:38] [INFO] Draft created (21KB, all 6 gates passed). Launching grade_blog subprocess.
[2026-05-23 02:17:45] [SUCCESS] paige-spiranac completed (grade B+/8.9), moved to completed[], rate-limit incremented to 1/5.
```
=== DAILY BLOG CREATOR SUMMARY ===
Date: 2026-05-23
Status: SUCCESS (with recovery)

RECOVERY:
- Stale inProgress (Lizzo, 48h old) cleared — draft existed at 41KB with grade B+/8.7;
  moved to completed[] with recoveryNote.
- Rate-limit week reset (was 2026-05-15, count=3 → 2026-05-23, count=0).

THIS RUN:
- Selected: paige-spiranac (Type 3, Priority 74, viral-beauty-list-sports-influencer-cluster)
- Draft: src/blog/people/drafts/paige-spiranac.md (21KB)
- Gates: all 6 passed
- Grade: 8.9 (B+) — Hook 9 / Enneagram 9 / Evidence 8.5 / Writing 9 / Originality 9
- Duration: ~15 min
- Status: production_pretext.status=draft, ready for review
- Rate limit: 1/5 this week

NEXT IN QUEUE: Judge Judy (Type 1, Priority 74)

NOTES:
- daily-blog-creator.md references skill `/blog_content_creator_people` but only
  `blog_content_creator_people_v2` is installed. Used v2 for this run.
- No cron/launchd entry detected — automation runs only on manual invocation.
- Telegram notification step skipped (no notifier wired into this session).
- Reviewer note on draft: source-pass the unattributed facts (7-hour training,
  Pittsburgh Panthers, Mountain West win, $15K-$16K donation range) to push to A.
===================================
```

Recovery + new draft both landed. Paige Spiranac draft is at `src/blog/people/drafts/paige-spiranac.md` ready for your review pass before production handoff.
