[2026-05-13 02:01:38] [INFO] SELECTED: kate-beckinsale (Type 7, Priority: 80) - Ranker/Instagram beauty-list spike, Underworld fame, Oxford wit, and a playful Type 7 performer analysis angle
[2026-05-13 02:06:48] [SUCCESS] Blog completed - Kate Beckinsale, Grade 8.9/B+, Duration 6 min
[2026-05-13 02:06:48] [INFO] Draft: src/blog/people/drafts/Kate-Beckinsale.md (27,163 bytes)
[2026-05-13 02:06:48] [INFO] Core tension: Wit as armor vs. grief as wound — Type 7 escape system meets its somatic limit
[2026-05-13 02:06:48] [INFO] Rate limit: 5/5 this week (limit reached after this run)
[2026-05-13 02:06:48] [INFO] Next in queue: penelope-cruz (priority 79)
```
=== DAILY BLOG CREATOR SUMMARY ===
Date: 2026-05-13
Status: SUCCESS
Blog: Kate Beckinsale (Type 7)
Persona Title: Hollywood's Quick-Witted Escapist
Grade: 8.9 / B+ (Hook 9.0 · Enneagram 9.0 · Evidence 8.5 · Writing 9.0 · Originality 8.8)
Duration: 6 min
File: src/blog/people/drafts/Kate-Beckinsale.md (27,163 bytes, 4,477 words)
Rate Limit: 5/5 this week (limit reached)
Next Blog: penelope-cruz (priority 79) — but blocked until 2026-05-15 weekly reset
===================================
```

**MODE:** non-interactive
**DRAFT:** /src/blog/people/drafts/Kate-Beckinsale.md
**STATUS:** production_pretext.status = draft (human review required before production)
**GRADE:** 8.9 (B+)
**LIMITATIONS:** No full transcripts pulled — used podcast/interview summaries from web search instead. Logged in working notes inside the draft.

**Core tension surfaced:** Wit as armor vs. grief as wound. The Type 7 Enthusiast who built a comedic operating system around outrunning pain since age five (when she watched strangers grieve her father on the sidewalk) — until her mother's 2025 death burned a literal hole through her esophagus and the strategy met its somatic limit.

**Internal links added (4 total):**
- Type 7 → /enneagram-corner/enneagram-type-7
- Robin Williams → /personality-analysis/Robin-Williams
- Kevin Hart → /personality-analysis/Kevin-Hart
- Type 5 + 7-to-5 integration → /enneagram-corner/enneagram-type-5 and /enneagram-corner/why-the-next-thing-wont-fix-it-type-7

Rate limit now 5/5 — automation will pause until weekStartDate rolls over.
