[2026-05-16 02:00:51] [INFO] Daily blog creator starting
[2026-05-16 02:00:51] [INFO] SELECTED: martha-stewart (Type 1, Priority: 78)
[2026-05-16 02:13:25] [SUCCESS] Draft created: src/blog/people/drafts/martha-stewart.md
[2026-05-16 02:13:25] [INFO] Grade: 8.8 (B+)
[2026-05-16 02:13:25] [INFO] Gates 1, 2, 4, 5, 6 all passing
[2026-05-16 02:13:25] [INFO] Queue updated: martha-stewart moved to completed
[2026-05-16 02:13:25] [INFO] Rate limit: 2/5 this week
```
=== DAILY BLOG CREATOR SUMMARY ===
Date: 2026-05-16
Status: SUCCESS
Blog: Martha Stewart (Type 1, 1w2 wing)
File: src/blog/people/drafts/martha-stewart.md
Grade: 8.8 / 10 (B+)
Word count: ~2,800 words
Rate limit: 2/5 this week
Next blog in queue: Jane Goodall (Type 9, priority 77)
Next Run: Tomorrow 2:00 AM
===================================
```

**What was made:** A 2,800-word draft framing Martha Stewart as Enneagram Type 1 / 1w2 with the thesis that the empire is a sixty-year cross-examination of her father — and that the obstruction-of-justice charge, more than the trade itself, was the real wound because a Reformer cannot survive a verdict against them on the record. Saved with `production_pretext.status: draft`. All five gates pass. The next step is human review before invoking `blog_content_production_people`.

Sources used during research:
- [Martha Stewart - Wikipedia](https://en.wikipedia.org/wiki/Martha_Stewart)
- [Netflix's *Martha* (2024) — Salon recap](https://www.salon.com/2024/10/31/the-9-biggest-bombshells-from-netflixs-martha-stewart-documentary-martha/)
- [Andy Stewart and Shyla Nelson Stewart's "sensationalized" rebuttal — E! News](https://www.eonline.com/news/1409701/martha-stewarts-ex-husband-andy-stewart-calls-out-her-claims-in-sensationalized-documentary)
- [Martha Stewart's Sports Illustrated swimsuit cover at 81 — NPR](https://www.npr.org/2023/05/16/1176371623/martha-stewart-is-the-oldest-cover-model-on-a-sports-illustrated-swimsuit-issue)
- [Snoop Dogg / Martha Stewart friendship origin — NBC Insider](https://www.nbc.com/nbc-insider/martha-stewart-snoop-dogg-friendship-timeline-explained)
- [ImClone stock trading case — Wikipedia](https://en.wikipedia.org/wiki/ImClone_stock_trading_case)
