═════════════════════════════════════════════════════
9takes blog pipeline
Person:  john-goodman
Draft:   src/blog/people/drafts/john-goodman.md
Logs:    /Users/djwayne/9takes/docs/content-analysis/pipeline-logs/2026-06-21_020041_john-goodman
Started: Sun Jun 21 02:00:41 EDT 2026
═════════════════════════════════════════════════════

─────────────────────────────────────────────────────
[Stage 1] create  (started 02:00:41)
Command: /blog_content_creator_people_v2 john-goodman --non-interactive
Log:     /Users/djwayne/9takes/docs/content-analysis/pipeline-logs/2026-06-21_020041_john-goodman/1_create.log
─────────────────────────────────────────────────────
All gates pass and the draft lints clean (the one remaining warning, missing `faqs`, belongs to the separate frontmatter-enrich stage, not this command). Draft is saved at `status: draft` per non-interactive rules.

```
MODE: non-interactive
DRAFT: /src/blog/people/drafts/John-Goodman.md
STATUS: production_pretext.status = draft
BLOCKERS: none
GATES: [Gate 1: pass | Gate 2: pass | Gate 4: pass | Gate 5: pass | Gate 6: pass]
LIMITATIONS: none material (faqs frontmatter not yet generated — separate enrich stage)
```

**What I built**

- **Type call:** Enneagram **Type 9** (9w8, sp, stress-line to 6). The 6-vs-9 debate is quarantined in the Rabbit Hole, not the body.
- **Core tension:** the warmest everyman in Hollywood vs. a man who for 30 years couldn't look at his own reflection.
- **Thesis:** the "easygoing everyman" is self-erasure. A boy who lost a father before he could remember learned to treat himself as nothing, merged into every cast instead of competing for the frame, and drank to numb an anger that turned inward.
- **Research path:** research-analyst brief + the WTF/Maron 2019 transcript for authentic voice. Corrected three premise errors from the original ask along the way: he was raised **Southern Baptist** (not Catholic), wife is **Anna Beth** (not Annette), and the Coen count is **5** films (not 6+). His father was a **postal worker**.

**Hard-gate evidence**

- **Testimony (Gate 1, ≥2):** Jeff Bridges (Time, 2017) + Roseanne Barr (*Your Welcome*, 2023). Both named, quoted, dated, about Goodman.
- **Empathy turn (Gate 6):** the recliner-slob image and 30 years of drinking reframed as anesthesia, not partying, without excusing the damage.
- **Critic-pressure (Gate 6):** the "reliable big lovable lug, not a serious actor" underestimation, plus the loud-onscreen objection to a self-erasing read, conceded in the diagnosis section.

**Internal links added (4 total)**
- Type 9 → `/enneagram-corner/enneagram-type-9`
- Wings → `/enneagram-corner/enneagram-wings-complete-guide` (Rabbit Hole)
- Instinctual subtypes → `/enneagram-corner/enneagram-instinctual-subtypes` (Rabbit Hole)
- Types in stress → `/enneagram-corner/enneagram-types-in-stress` (Rabbit Hole)

Human review is required before production. After you approve, set `production_pretext.status: ready` and run `blog_content_production_people`. Grading is owned by `/grade_blog` and was intentionally not run here.

One flag for your review: I quoted Goodman's verbatim "I don't bring anything to the fucking party" line because it's the sharpest single piece of low-self-worth evidence in the piece. If you'd rather keep the SEO page clean, say the word and I'll trim the expletive.
[Stage 1] create finished 02:10:02 (exit=0)

─────────────────────────────────────────────────────
[Stage 2] fresh_eyes  (started 02:10:02)
Command: /blog_content_fresh_eyes_people john-goodman
Log:     /Users/djwayne/9takes/docs/content-analysis/pipeline-logs/2026-06-21_020041_john-goodman/2_fresh_eyes.log
─────────────────────────────────────────────────────
Stage 1 completed cleanly (exit=0) — draft created at `src/blog/people/drafts/john-goodman.md`, all hard gates pass (testimony, empathy turn, critic-pressure), Type 9 (9w8 sp). The pipeline is now in Stage 2 (fresh_eyes) and progressing through the remaining stages.

This is harness-tracked background work, so I'll be re-invoked automatically when the pipeline exits — I'll then verify the draft, capture the grade from frontmatter, update the queue, and send the notification (Steps 3–6). Holding here until it completes rather than ending the run.

**Status so far:**
- ✅ Pre-flight: not paused, no forceNext, inProgress was null, rate limit 0/5
- ✅ Selected: **John Goodman** (Type 9, priority 59, retry 1) — no existing draft
- ✅ `inProgress` set with startedAt `2026-06-21T06:00:36Z`
- 🔄 Pipeline running: Stage 1 ✅ → Stage 2 (fresh_eyes) in progress → stages 3–7 (+ conditional revise/regrade) pending

Waiting for `run-blog-pipeline.sh` to exit (~30–60 min total).
