Draft created. Here's the summary:

**Location:** `/src/blog/people/drafts/Jennifer-Coolidge.md`

**Type call:** Enneagram 4 (4w5 Bohemian), pressure-tested against Type 7 in the body

**Core tension:** The longing that gave Coolidge her art is the same longing that kept her out of her own life for 20 years.

**Titles:**
- Title (evergreen): `Jennifer Coolidge: An In-Depth Enneagram Type 4 Analysis`
- Meta title (clickbait, 56 chars): `Why Jennifer Coolidge Sabotaged 20 Years of Her Own Career`
- Persona title: `Comedy's Glamorous Recluse`

**Internal links added (4 total):**
- [Ariana Grande](/personality-analysis/Ariana-Grande)
- [Type 7](/enneagram-corner/enneagram-type-7) (contrast)
- [self-sabotage](/enneagram-corner/how-each-enneagram-type-self-sabotages-success)
- [strong 5 wing](/enneagram-corner/enneagram-wings-complete-guide)

**Quality grade:** **B+ (8.9)** — Hook 9.0 / Enneagram 9.0 / Evidence 8.5 / Writing 9.0 / Originality 8.8. Above the 8.5 publication-handoff threshold.

**Suggestions:** Tim-Robinson, Adele, Lana-Del-Rey, Robert-Pattinson (all Type 4, all linkable)

**Working-notes limitations** (logged in HTML comment in the draft):
- Quotes are sourced via secondary reporting; a direct transcript dive on Marc Maron WTF #790 (2017), Mike White's Fallon appearance, and the 2025 Variety sit-down would deepen specifics
- Only Mike White testimony from people around her; a Reese Witherspoon or Christopher Guest line would strengthen the public/private gap

**Options:**
1. Make specific edits — tell me what to change
2. Regenerate specific sections
3. Share transcripts (Marc Maron WTF, Mike White on Fallon, Variety 2025) and I'll do another pass with locked-in primary sourcing
4. After review and approval, mark `production_pretext.status: ready` and run `blog_content_production_people`

Sources:
- [Jennifer Coolidge — Wikipedia](https://en.wikipedia.org/wiki/Jennifer_Coolidge)
- [Variety — Career Renaissance and Dating at 63](https://variety.com/2025/film/news/jennifer-coolidge-white-lotus-career-renaissance-dating-1236345875/)
- [Variety 2022 — Hollywood MVP profile](https://variety.com/2022/tv/features/jennifer-coolidge-white-lotus-hollywood-1235331368/)
- [Far Out — biggest career regret](https://faroutmagazine.co.uk/jennifer-coolidges-biggest-career-regret/)
- [WTF with Marc Maron #790 (2017)](http://www.wtfpod.com/podcast/tag/Jennifer+Coolidge)
- [Rolling Stone — Mike White on safari with Coolidge](https://www.rollingstone.com/tv-movies/tv-movie-news/mike-white-the-white-lotus-jennifer-coolidge-tonight-show-1235522221/)
- [BuzzFeed — almost didn't star in White Lotus](https://www.buzzfeed.com/rachelbrodsky/jennifer-coolidge-white-lotus-mike-white)
- [Mamamia — depression before White Lotus](https://www.mamamia.com.au/jennifer-coolidge-depression/)
- [Billboard — credits Ariana Grande's Thank U, Next](https://www.billboard.com/music/music-news/jennifer-coolidge-credits-ariana-grande-thank-u-next-career-wins-1235185157/)
- [Hollywood Reporter — Emmy speech "evil gays"](https://www.hollywoodreporter.com/tv/tv-news/2023-emmys-jennifer-coolidge-supporting-drama-actress-white-lotus-1235788768/)
- [Yahoo — never married, "very immature"](https://www.yahoo.com/entertainment/why-jennifer-coolidge-never-married-172232317.html)
- [Urban Splatter — New Orleans residence](https://www.urbansplatter.com/2023/02/jennifer-coolidge-house-new-orleans-residence/)
