═════════════════════════════════════════════════════
9takes blog pipeline
Person:  nick-offerman
Draft:   src/blog/people/drafts/nick-offerman.md
Logs:    /Users/djwayne/9takes/docs/content-analysis/pipeline-logs/2026-06-19_020925_nick-offerman
Started: Fri Jun 19 02:09:25 EDT 2026
═════════════════════════════════════════════════════

─────────────────────────────────────────────────────
[Stage 1] create  (started 02:09:25)
Command: /blog_content_creator_people_v2 nick-offerman --non-interactive
Log:     /Users/djwayne/9takes/docs/content-analysis/pipeline-logs/2026-06-19_020925_nick-offerman/1_create.log
─────────────────────────────────────────────────────
Confirmed healthy. Stage 1 (`create`) is running:
- Pipeline process alive (PIDs 77474/77476)
- Logs writing to `docs/content-analysis/pipeline-logs/2026-06-19_020925_nick-offerman/`
- Monitor `bmvvkg0vn` streaming stage events

Everything is wired correctly and the turn is being held open by the monitor (critical in headless mode — ending now would orphan the pipeline). I'll wait for stage-progress events and act when the pipeline exits. Standing by.
[2026-06-19 16:49:40] [INFO] Daily blog creator: selected nick-offerman (Type 5, Priority 60). Launching pipeline.
═════════════════════════════════════════════════════
9takes blog pipeline
Person:  nick-offerman
Draft:   src/blog/people/drafts/nick-offerman.md
Logs:    /Users/djwayne/9takes/docs/content-analysis/pipeline-logs/2026-06-19_164943_nick-offerman
Started: Fri Jun 19 16:49:43 EDT 2026
═════════════════════════════════════════════════════

─────────────────────────────────────────────────────
[Stage 1] create  (started 16:49:43)
Command: /blog_content_creator_people_v2 nick-offerman --non-interactive
Log:     /Users/djwayne/9takes/docs/content-analysis/pipeline-logs/2026-06-19_164943_nick-offerman/1_create.log
─────────────────────────────────────────────────────
Stage 1 (create) underway. Continuing to wait for the next stage transition.
