═════════════════════════════════════════════════════
9takes blog pipeline
Person:  zac-efron
Draft:   src/blog/people/drafts/zac-efron.md
Logs:    /Users/djwayne/9takes/docs/content-analysis/pipeline-logs/2026-07-01_022535_zac-efron
Started: Wed Jul  1 02:25:35 EDT 2026
═════════════════════════════════════════════════════

─────────────────────────────────────────────────────
[Stage 1] create  (started 02:25:35)
Command: /blog_content_creator_people_v2 zac-efron --non-interactive
Log:     /Users/djwayne/9takes/docs/content-analysis/pipeline-logs/2026-07-01_022535_zac-efron/1_create.log
─────────────────────────────────────────────────────
Stage 1 (`create`) has launched cleanly — draft path and per-stage logs are being written to `docs/content-analysis/pipeline-logs/2026-07-01_022535_zac-efron/`. The pipeline is progressing correctly, not a failed launch.

**Status so far:**
- ✅ Pre-flight: not paused, no `inProgress`, rate limit 1/5 (week of 2026-06-28, no reset)
- ✅ Selected: **zac-efron** (Type 3, priority 55) — no existing draft
- ✅ Queue updated: `zac-efron` moved to `inProgress` at 2026-07-01T06:08:41Z
- ✅ Pipeline running (background task `bcb3swvxp`), Stage 1 confirmed started at 02:25:35

The full 7-stage pipeline (create → fresh_eyes → second_pass → cohesion → editor_pass → enrich_frontmatter → grade, plus conditional revise/regrade) typically takes 30–60 minutes. It's harness-tracked, so it stays alive across turns and will re-invoke me automatically when it exits — at which point I'll verify the draft, capture the grade from frontmatter, update the queue (move to `completed`, clear `inProgress`, increment the weekly rate-limit count), and send the notification.

I'll hold here until the pipeline completes.
