=== DAILY BLOG CREATOR SUMMARY ===

```
Date: 2026-04-06
Status: SUCCESS
Blog: Glen Powell (Type 3, Priority 97)
Grade: 8.7/10 (B+)
File: src/blog/people/drafts/Glen-Powell.md
Rate Limit: 3/5 this week

Quality Breakdown:
  Hook: 9 | Enneagram: 9 | Evidence: 8 | Writing: 9 | Originality: 8.5

Core Tension: The Chameleon vs. The Open Book
Key Insight: Hit Man and Chad Powers — both co-written by Powell — are literal dramatizations of Type 3's shapeshifting

Internal Links Added (4 total):
  - Tom Cruise → /personality-analysis/tom-cruise
  - Miles Teller → /personality-analysis/miles-teller
  - Sydney Sweeney → /personality-analysis/sydney-sweeney
  - Type 3 → /enneagram-corner/enneagram-type-3

Next in queue: Gordon Ramsay (Type 8, Priority 96)
```

===================================
