The bridge is in. It carries the "trusted few" concept established in the diagnosis section into the Instagram section's payoff, using the piece's own vocabulary (a Six "manages the fear"; "recruits protectors" appears later in the subtype note). No em-dashes, matches the surrounding short-sentence rhythm.

Here's the full audit.

## Cohesion Check Complete: Olivia-Cooke.md

**Before score: 8/10**
**After score: 8.5/10**

### Central Thesis
Olivia Cooke is a textbook Enneagram Type 6 — her anxiety, self-protection, alliance-seeking, and the "fraying women" she keeps playing all trace to the Six's core fear that the ground under her can be taken back.

| Check | Score | Issues |
|---|---|---|
| Through-Line Clarity | 9/10 | 0 |
| Promise-Delivery Match | 9/10 | 0 |
| Reader Mental Model | 8/10 | 1 minor |
| Section Transitions | 8/10 | 1 fixed, 1 minor |
| Internal Paragraph Flow | 8/10 | 1 minor (judgment) |

**Overall Cohesion Score: 8.5/10** — reads as one unified piece; every section earns its place.

### Changes Made (1)

**Transition Fix (1):**
- **"The roles she keeps choosing" → "Why she deleted her Instagram":** added a two-sentence bridge at the top of the Instagram section. The roles section ends on Cooke *pulling* a trusted few close; the Instagram section is about *walling threats out*. The bridge names both as halves of one Six safety strategy, so the topic switch now reads as a logical next step instead of a jump.

### What Was Preserved
- All frontmatter, ledgers, `<details>` blocks, the `inner-thought`/`firstLetter` beats, the role table, internal links, and the fresh-eyes / second-pass review comments.
- The swap-proof Alicent-face open → "the worried face was never a costume" close (untouched).
- 9 of 10 transitions were already strong: the *Me and Earl* → role-table handoff ("even it handed her a girl whose body was failing" → "the pattern that gives the whole thing away") and the rabbit-hole pointer are especially clean.

### Remaining Concerns (your call — I left these alone rather than over-edit a piece this polished)

1. **Diagnosis → "Why she still feels like she doesn't belong"** is *adequate*, not strong. The diagnosis ends on "files the evidence under not-yet-confirmed," but the next section opens cold with "She was born in Oldham" and doesn't state its point until paragraph 2 ("the exact soil a Six grows in"). The heading carries the connection, so it works — but a half-sentence tying "not-yet-confirmed" to "it starts in Oldham" would tighten the entry. Minor.

2. **The bonding paragraph** ("A Six does not collect acquaintances...") lives under the *roles* heading but is really about alliance-seeking, not filmography. It flows naturally *in* (triggered by the Anya Taylor-Joy "symbiotic" quote) and now flows naturally *out* (into the new Instagram bridge), so it functions as a hinge between the two themes. Leaving it is defensible; the only alternative would be a larger restructure I wouldn't do without your sign-off.

Neither is a thread break. Want me to apply the diagnosis→biography tightening as well, or leave the piece as is?
