========================================================================
LOAD-BEARING SOURCE AUDIT — Olivia-Cooke  (Type 6)
/Users/djwayne/9takes/src/blog/people/drafts/Olivia-Cooke.md
========================================================================

### EPIGRAPH
  [INLINE  ] "I was the eldest daughter of two, and a child of divorce, so there was a lot of: look at me, love me."
             outlet="The Guardian"  year=2024

### COLD OPEN
  (no quoted material in slot)

### DIAGNOSIS
  [VAGUE   ] "method acting is for men usually."
             year=2025

### EMPATHY TURN
  reframe: Her friendliness is not performance; it is how a phobic Six recruits protectors.
  (no quoted material in slot)

### CLOSE
  (no quoted material in slot)

------------------------------------------------------------------------
SUMMARY: 2 load-bearing quote(s) — 1 inline, 1 vague, 0 untagged
  untagged quote in epigraph OR cold open: no
  any untagged load-bearing quote:         no
------------------------------------------------------------------------
