========================================================================
LOAD-BEARING SOURCE AUDIT — xochitl-gomez  (Type 3)
/Users/djwayne/9takes/src/blog/people/drafts/xochitl-gomez.md
========================================================================

### EPIGRAPH
  [INLINE  ] "It wasn't because I felt like it was invading my privacy, more just like it wasn't a good look for me. This has nothing to do with me. And yet it's on here with my face."
             outlet="The Squeeze podcast"  year=2024  venue="podcast"

### COLD OPEN
  (no quoted material in slot)

### DIAGNOSIS
  [VAGUE   ] "There was a spark in her eye. We saw the defiance of America Chavez in her."
             year=2022
  [VAGUE   ] "I mean"
             venue="interview"

### EMPATHY TURN
  (no quoted material in slot)

### CLOSE
  (no quoted material in slot)

------------------------------------------------------------------------
SUMMARY: 3 load-bearing quote(s) — 1 inline, 2 vague, 0 untagged
  untagged quote in epigraph OR cold open: no
  any untagged load-bearing quote:         no
------------------------------------------------------------------------
