=== QUORA WARMUP STATUS ===
Date: 2026-04-29
Time: 09:00 AM EDT
Status: COMPLETED SUCCESSFULLY

Results:
- AM Session file: docs/quora/sessions/2026-04-29_quora-warmup.md
- PM Session file: docs/quora/sessions/2026-04-29_quora-warmup-pm.md
- Total questions queued: 11 (6 AM + 5 PM)

AM Session Questions (6 queued):
1. Why do some people shut down and others lash out when they are stressed? (Score 94)
2. Why do some people hate authority while others thrive under it? (Score 92)
3. Why do some people keep starting projects but not complete them? (Score 91)
4. Why do some people experience excessive feelings of doubt? (Score 88)
5. Why do some people insist on providing 'advice,' when all I wanted was a little empathy? (Score 85)
6. Why do some people get distracted very easily and some don't? (Score 85)

PM Session Questions (5 queued):
1. Why do some people seem so calm in highly stressful situations while others completely fall apart? (Score 93)
2. Why do some people crave alone time more than others? (Score 92)
3. Why do some people relive the past over and over in their heads? (Score 88)
4. Why are some people so unforgiving and why do some hold grudges while others let things go? (Score 85)
5. Why do some people seem to agree with everything and shift their opinion constantly? (Score 82)

Note:
The cron job initially appeared to hang, but the session files were created successfully.
Both AM and PM warmup sessions completed and queued questions for answering.

Next Step: Run /quora-answer on these session files to draft answers.
