```
Quora warmup complete for 2026-04-30 (Night).

Searches run: 26
Questions evaluated: 12
Questions queued: 5
Questions skipped: 7

Priority queue:
1. "Why do some people just love being sad?" — Est. 50K+ views, ~90 answers — Angle: Type 4 melancholy-as-identity (primary), Types 6, 9 (secondary)
2. "Why are some people so hard on themselves?" — Est. 80K+ views, 100+ answers — Angle: Type 1 inner-critic (primary), Types 3, 6 (secondary)
3. "Ambition — Why isn't everyone ambitious?" — Est. 30K+ views, ~41 answers — Angle: Type 9 narcotization/lost-desires (primary), Types 7, 5 (secondary)
4. "Why do people procrastinate and how can they stop?" — Est. 25K+ views, ~39 answers — Angle: Types 1, 6, 9, 7 (four-engine breakdown)
5. "Why do people get stuck in life?" — Est. 30K+ views, ~100 answers — Angle: Types 9, 4, 6 (multi-type inertia)

Type coverage: Types 1, 3, 4, 5, 6, 7, 9 — missing 2, 8 (covered exhaustively in prior sessions)
Blog matches: 5 of 5 have a 9takes link candidate (one partial — stuck-in-life)

Question log: docs/quora/question-log.md
Session doc: docs/quora/sessions/2026-04-30_quora-warmup-night.md

Next step: /quora-answer docs/quora/sessions/2026-04-30_quora-warmup-night.md

MODE: non-interactive
SESSION: docs/quora/sessions/2026-04-30_quora-warmup-night.md
QUEUED: 5
SKIPPED: 7
LIMITATIONS: none (Type 3 image-management and Type 5 detached-observer gaps remain open after exhaustive search-variant testing — flagged for next session with new search shapes)
```
