```
Quora warmup complete for 2026-05-10.

Searches run: 25
Questions evaluated: 5 deep + 7 surface-flagged
Questions queued: 1
Questions skipped: 6

Priority queue:
1. "Why do people fake their personalities?" — Est. 20K+ views, 21 direct + 86 related — Angle: Type 3 chameleon-as-adaptive-survival PRIMARY (closes long-open gap), Type 9/6/2 secondary

Type coverage: Types 2, 3, 6, 9 — Type 3 chameleon CLOSED MATERIALLY (4-session pursuit landed via "fake personalities" surface-behavior entry, same pattern as prior Type 5 closes)
Blog matches: 1 of 1 has a 9takes link candidate (enneagram-corner/enneagram-type-3)

Question log: docs/quora/question-log.md
Session doc: docs/quora/sessions/2026-05-10_quora-warmup.md

Next step: /quora-answer docs/quora/sessions/2026-05-10_quora-warmup.md

MODE: non-interactive
SESSION: docs/quora/sessions/2026-05-10_quora-warmup.md
QUEUED: 1
SKIPPED: 6
LIMITATIONS: none
```

Type 2 secret-resentment-after-giving remains open after 4 sessions targeting — Quora vocabulary genuinely doesn't bundle the phrase. Strategy notes flag indirect topic-page browse on Codependency or first-person "why do I burn out helping" probes for next session.
