Draft saved. Here's the non-interactive output:

```
MODE: non-interactive
DRAFT: /src/blog/people/drafts/Jerry-Seinfeld.md
STATUS: production_pretext.status = draft
BLOCKERS: none
GRADE: 8.9 (B+)
GATES:
  Gate 1 (Testimony Ledger): pass — 3 qualifying quotes (Larry David, Jessica Seinfeld, Peter Mehlman)
  Gate 2 (Heading Mix Ledger): pass — 5 of 7 H2s are search-intent or hybrid
  Gate 4 (Anti-imitation): pass — no "A [Type]" anaphora endings; hook avoids object-reveal cadence
  Gate 5 (Distribution Rule): pass — 4 type-theory paragraphs outside diagnosis section (at limit)
  Gate 6 (Formula Fingerprint): pass — 2 contrast pairs (isolated), 0 counter-typing ladders, critic-pressure anchor + current-tense anchor present, ending swap-test passes
LIMITATIONS: 
  - No fetched YouTube transcripts (relied on existing published transcripts from Tim Ferriss blog and Marc Maron WTF + secondary sources)
  - Larry-David is not in famousTypes.ts; suggestions adjusted to ['Tina-Fey', 'Dave-Chappelle', 'Jon-Stewart', 'Stephen-Colbert']
```

**Type call:** Enneagram Type 5w6 — Investigator with Loyalist wing.

**Core tension:** The world's most observed comedian built his empire alone in a room with a yellow legal pad. Performance is the byproduct; the work is the point.

**Internal links added (4):**
- Type 5s → `/enneagram-corner/enneagram-type-5`
- Tim Ferriss → `/personality-analysis/Tim-Ferriss`
- wing → `/enneagram-corner/enneagram-wings-complete-guide`
- under pressure → `/enneagram-corner/enneagram-types-in-stress`

Next step before publishing: human review, then `blog_content_production_people` to sync to DB and regenerate `famousTypes.ts`.
