Updated `src/blog/people/drafts/Jerry-Seinfeld.md`.

**Main changes**
- **Bee Movie added** as the 2007 rehearsal of the Unfrosted arc. The "walked off-script" section now opens with the four-year DreamWorks slog and the Duke-stage apology, then runs Unfrosted as the second time he ran the play.
- **Lonstein named** (1993–1997, ages 17/39) as the only prior pressure event and as Five evidence: no engagement, no explanation, return to the pad. Fact-checked age to 39 (draft said 38).
- **1998–2024 gap closed** with a closing beat in "Will not stop writing" (Bee Movie → Comedians in Cars → continuous touring).
- **Causal logic for why the room broke in 2024** sharpened: Hungarian-Jewish father, Aleppo-side mother, December 2023 kibbutz survivors visit → Six-wing tribe-loyalty as the actual mechanism.
- **Structural move**: writers' room now sits before "Will not stop writing." Shirt anecdote leads the concrete evidence.
- **Larry David partnership** cashed out (clean trade — Larry's social engine, Jerry's audit).
- **Clean-comedy beat** added as Five-identity content-discipline signal.
- **Trims**: removed duplicate Three-vs-Five contrast in writers' room, cut one "Five logic" repetition, dropped the mid-piece Kalman-box echo, removed the lead-paragraph epigraph echo, varied two "sealed room" instances.
- **Maron anger quote revisited** at the end of the pressure section.
- **Garage section** updated to reflect the 2025 post-auction private sale of the McQueen 917K — "public no, private undisclosed deal" is itself Five-pattern.
- Ledger blocks updated to reflect new section order and added evidence.

**One review note rejected**: I did not split the "walked off-script" section into separate craft and pressure pieces — the point is that they collapsed onto the same year. Instead I added a "That was the craft side. The other side was louder." pivot line.

**One review note caught as wrong**: "Long Story Short (2024)" was actually a 2011 Colin Quinn one-man show that Seinfeld directed, not a 2024 Seinfeld property. Not used.

**Still open** (would justify an editor pass):
- A sourced concrete "private Jerry being silly" anecdote — drafted one but couldn't verify, so cut rather than invent.
- The Israel advocacy / 2025 Duke follow-up paragraph is the most politically combustible passage in the piece and should be sanity-checked for framing.

Sources used:
- [Bee Movie - Wikipedia](https://en.wikipedia.org/wiki/Bee_Movie)
- [Shoshanna Lonstein Gruss - Wikipedia](https://en.wikipedia.org/wiki/Shoshanna_Lonstein_Gruss)
- [Jerry Seinfeld Finally Sold His 'Le Mans' Porsche - Robb Report](https://robbreport.com/motors/cars/jerry-seinfeld-sold-porsche-917k-turning-down-25-million-1236330185/)
- [Jerry Seinfeld Formally Apologizes To The Bee Movie Generation - Screen Rant](https://screenrant.com/bee-movie-jerry-seinfeld-apology-commencement-duke-speech/)
