========================================================================
LOAD-BEARING SOURCE AUDIT — Jack-Antonoff  (Type 6)
/Users/djwayne/9takes/src/blog/people/drafts/Jack-Antonoff.md
========================================================================

### EPIGRAPH
  [INLINE  ] "My ancestral pact was just this very Eastern European mentality: they're coming to get us, so we just have to keep it tight."
             outlet="The Zane Lowe Interview"  year=2026  venue="interview"

### COLD OPEN
  [INLINE  ] "It was literally exactly how I left it, … It speaks to how badly I want to enter the next phase of my life and how impossible it is for me to let go of what's gone."
             outlet="Rolling Stone"  year=2022

### DIAGNOSIS
  [VAGUE   ] "basically an apartment. … It feels safe. It's very safe."
             year=2024
  [INLINE  ] "That feeling when you're at a party and someone's looking at you and they look away for a second, looking for something better. It just destroys you. You will never trust me again, and you shouldn't."
             outlet="Apple Music's Electric Lady interview"  year=2024  venue="interview"
  [VAGUE   ] "the people upstairs … make you in their image to do their bidding, … a six-way marriage"
             year=2026  venue="interview"
  [VAGUE   ] "before something has shattered my existence."
             year=2024  venue="interview"
  [VAGUE   ] "really misunderstood, … a driving, pounding feeling in me"
             year=2024  venue="interview"
  [VAGUE   ] "I don't necessarily connect well if I hear my story, if I hear a mirror. … feeling like I'm part of some kind of continuum of human beings and not just floating along."
             year=2024  venue="interview"

### EMPATHY TURN
  (no quoted material in slot)

### CLOSE
  (no quoted material in slot)

------------------------------------------------------------------------
SUMMARY: 8 load-bearing quote(s) — 3 inline, 5 vague, 0 untagged
  untagged quote in epigraph OR cold open: no
  any untagged load-bearing quote:         no
------------------------------------------------------------------------
