========================================================================
LOAD-BEARING SOURCE AUDIT — Madelaine-Petsch  (Type 2)
/Users/djwayne/9takes/src/blog/people/drafts/madelaine-petsch.md
========================================================================

### EPIGRAPH
  [INLINE  ] "I remember in therapy once, I said, 'I'm happiest when I'm somebody else.' I'm an actor. And I think that's how."
             outlet="Call Her Daddy"  year=2025

### COLD OPEN
  [VAGUE   ] "I would make myself cry and get the husbands to buy windows,"
             year=2025

### DIAGNOSIS
  [VAGUE   ] "Honestly, I don't think she ever asked me to do that. I think I immediately saw a place that I could try to help and I just tried to help every time I could."
             year=2025  venue="episode"
  [VAGUE   ] "a lot of my family,"
             year=2025  venue="interview"
  [VAGUE   ] "No one asked me to. I wanted to help."
             year=2025  venue="interview"
  [VAGUE   ] "The coolest part of producing so far has been having actors come to me, being like, hey, I'm having this problem with this wardrobe, or the sound thing is this... where actors trust and believe in me enough to do that with me."
             year=2025  venue="podcast"
  [VAGUE   ] "I won't take a producer credit unless I actually produced something, probably because I have too much pride."
             venue="podcast"
  [VAGUE   ] "It's for life."
             year=2025

### EMPATHY TURN
  (no quoted material in slot)

### CLOSE
  [VAGUE   ] "I've not told him I'm going on this, and I'm very curious to see how that goes."
             venue="episode"

------------------------------------------------------------------------
SUMMARY: 9 load-bearing quote(s) — 1 inline, 8 vague, 0 untagged
  untagged quote in epigraph OR cold open: no
  any untagged load-bearing quote:         no
------------------------------------------------------------------------
