========================================================================
LOAD-BEARING SOURCE AUDIT — pete-hegseth  (Type 3)
/Users/djwayne/9takes/src/blog/people/drafts/Pete-Hegseth.md
========================================================================

### EPIGRAPH
  [INLINE  ] "I'm a very different person than I was 10 years ago, than I was 15 years ago."
             outlet="The Megyn Kelly Show"  year=2024

### COLD OPEN
  (no quoted material in slot)

### DIAGNOSIS
  [VAGUE   ] "We have great people, and the Secretary of War, Pete Hegseth, Central Casting. He loves war."
             year=2026
  [INLINE  ] "I'm straight up just saying we should not have women in combat roles. It hasn't made us more effective, hasn't made us more lethal, has made fighting more complicated."
             outlet="CNN"  year=2024
  [INLINE  ] "some of our greatest warriors, our best warriors are women."
             outlet="Fox News"  year=2024  venue="podcast"
  [INLINE  ] "a very, very big about-face in a very, very short period of time. … I've heard of deathbed conversions, but this is the first time I've heard of a nomination conversion"
             outlet="NPR"  year=2025
  [VAGUE   ] "I must conclude that I cannot in good conscience support his nomination for Secretary of Defense."
             year=2025  venue="statement"

### EMPATHY TURN
  (no quoted material in slot)

### CLOSE
  (no quoted material in slot)

------------------------------------------------------------------------
SUMMARY: 6 load-bearing quote(s) — 4 inline, 2 vague, 0 untagged
  untagged quote in epigraph OR cold open: no
  any untagged load-bearing quote:         no
------------------------------------------------------------------------
