========================================================================
LOAD-BEARING SOURCE AUDIT — Benny-Blanco  (Type 2)
/Users/djwayne/9takes/src/blog/people/drafts/Benny-Blanco.md
========================================================================

### EPIGRAPH
  [INLINE  ] "I'm the worst guy in every room that I ever go in. Everything. I swear to you, this isn't even like a thing."
             outlet="Howard Stern Show"  year=2024

### COLD OPEN
  [INLINE  ] "I'd call your mother and I would beg her for the recipe before you came in, and then have it the next time you came in. That's what I would do for you. … I make every experience different for everyone"
             outlet="Billboard"  year=2025  venue="statement"
  [INLINE  ] "an almost divine ability to bring out the best in his collaborators"
             outlet="Variety"  year=2017
  [INLINE  ] "I don't ever force the process. Ever."
             outlet="Behind the Wall"  year=2025

### DIAGNOSIS
  [INLINE  ] "The thing that I think I can do is basically I'm a therapist. That's my job, … You come in, I say, 'How you doing?' You might say, 'Oh, I'm good.' And then I dig at it and I try to find whatever the worst problem or insecurity is in your li"
             outlet="Howard Stern Show"  year=2024  venue="profile"
  [INLINE  ] "I feel so ugly that no one could ever love me. … I'd say, 'Me, too.'"
             outlet="Howard Stern Show"  year=2024  venue="profile"

### EMPATHY TURN
  (no quoted material in slot)

### CLOSE
  [INLINE  ] "I don't know a world where it could be better than this."
             outlet="Howard Stern Show"  year=2024
  [INLINE  ] "I always get scared cuz I'm like, when's it going to get bad?"
             outlet="Howard Stern Show"  year=2024

------------------------------------------------------------------------
SUMMARY: 8 load-bearing quote(s) — 8 inline, 0 vague, 0 untagged
  untagged quote in epigraph OR cold open: no
  any untagged load-bearing quote:         no
------------------------------------------------------------------------
