ok    frontmatter field present: title
ok    frontmatter field present: meta_title
ok    frontmatter field present: persona_title
ok    frontmatter field present: description
ok    frontmatter field present: author
ok    frontmatter field present: date
ok    frontmatter field present: enneagram
ok    frontmatter field present: person
ok    frontmatter field present: suggestions
ok    frontmatter field present: production_pretext
ok    description length 153 chars
ok    meta_title length 57 chars
ok    meta_title contains a searchable head term
ok    meta_title contains a person-name token
ok    required H2 'What is [Person]'s personality type?' present
ok    required H3 '[Person] is an Enneagram Type X' present
ok    type-answer opening block is extractable (44 words)
ok    Enneagram Rabbit Hole block present (exactly one)
ok    TL;DR accordion present
ok    firstLetter intro paragraph present
ok    ledger present: TESTIMONY LEDGER
ok    ledger present: HEADING MIX LEDGER
ok    ledger present: DISTRIBUTION LEDGER
ok    ledger present: FORMULA FINGERPRINT LEDGER
ok    no self-loop links
ok    no visible FAQ section in body
ok    no templated FAQ filler
ok    no unfinished markers
WARN  no faqs in frontmatter — frontmatter enrich stage has not run (discoverability cost)
ok    contrast-pair sentence engines: 0 strong (target <= 0)
ok    no comparative contrast patterns detected
ok    internal link count: 5
ok    no prose em-dashes (quote attributions exempt)
ok    no banned AI phrases

blog-lint: Madonna — 0 fail, 1 warn
