========================================================================
LOAD-BEARING SOURCE AUDIT — madonna  (Type 3)
/Users/djwayne/9takes/src/blog/people/drafts/Madonna.md
========================================================================

### EPIGRAPH
  [INLINE  ] "I've turned my need on to the world and said, 'OK, I don't have a mother to love me, I'm going to make the world love me.'"
             outlet="Rolling Stone"  year=1991

### COLD OPEN
  (no quoted material in slot)

### DIAGNOSIS
  [INLINE  ] "My drive in life is from this horrible fear of being mediocre. And that's always pushing me, pushing me. Because even though I've become Somebody, I still have to prove that Somebody. My struggle has never ended and it probably never will."
             outlet="Vanity Fair"  year=1991
  [INLINE  ] "I still have to prove."
             outlet="Vanity Fair"  year=1991
  [VAGUE   ] "with a long lens camera... that would distort anyone's face."
             year=2023  venue="instagram"

### EMPATHY TURN
  (no quoted material in slot)

### CLOSE
  (no quoted material in slot)

------------------------------------------------------------------------
SUMMARY: 4 load-bearing quote(s) — 3 inline, 1 vague, 0 untagged
  untagged quote in epigraph OR cold open: no
  any untagged load-bearing quote:         no
------------------------------------------------------------------------
