========================================================================
LOAD-BEARING SOURCE AUDIT — Kiernan-Shipka  (Type 3)
/Users/djwayne/9takes/src/blog/people/drafts/kiernan-shipka.md
========================================================================

### EPIGRAPH
  [INLINE  ] "I'm starving. I'm starving for the work."
             outlet="So True"  year=2024

### COLD OPEN
  [INLINE  ] "Oh no, oh no, I never got to this,"
             outlet="Dinner's on Me"  year=2024  venue="podcast"
  [INLINE  ] "This isn't part of my skill set yet, guys."
             outlet="Dinner's on Me"  year=2024  venue="podcast"
  [INLINE  ] "I was going to the Emmys every year, but I really wanted to go to prom."
             outlet="Bustle"  year=2022
  [INLINE  ] "probably the most well-rounded, put-together 25-year-old I know"
             outlet="Lipstick on the Rim"  year=2024

### DIAGNOSIS
  [INLINE  ] "I didn't want to take summer breaks, I wanted to just get through the curriculum."
             outlet="Lipstick on the Rim"  year=2022
  [INLINE  ] "The number one thing is coming in super prepared, so that I can throw everything away."
             outlet="Lipstick on the Rim"  year=2024
  [INLINE  ] "When I see someone and I like them, I make a very active effort to have them in my life,"
             outlet="So True"  year=2024  venue="red carpet"
  [INLINE  ] "They can't know too much about me, … You got to put a ring on it first."
             outlet="So True"  year=2024  venue="instagram"
  [INLINE  ] "a little bit of a playboy,"
             outlet="So True"  year=2024
  [INLINE  ] "I did tell him to spread the rumor. I do like it for the brand."
             outlet="So True"  year=2024
  [INLINE  ] "I have a good distance between what's going on in my life and the people that are really in my life, and then whatever the internet is saying. … I am kind of trying to untether from my own perfectionism,"
             outlet="Lipstick on the Rim"  year=2024
  [INLINE  ] "a low but also a high"
             outlet="So True"  year=2024

### EMPATHY TURN
  (no quoted material in slot)

### CLOSE
  (no quoted material in slot)

------------------------------------------------------------------------
SUMMARY: 13 load-bearing quote(s) — 13 inline, 0 vague, 0 untagged
  untagged quote in epigraph OR cold open: no
  any untagged load-bearing quote:         no
------------------------------------------------------------------------
