I've read the full draft. Here's the cohesion audit.

## Cohesion Audit: Oliver-Tree.md

### Central Thesis
Oliver Tree was an Enneagram Type 4 who deliberately turned himself into an absurd meme so the sincere artist underneath could smuggle real feeling past everyone — and his death being read as a hoax is the final proof of how completely he built that disguise.

### Thread Map

| # | Section | What it contributes | Links forward because… |
|---|---------|--------------------|--------------------------|
| — | **Cold open** (13-ft scooter) | The dumb stunt was fully engineered/authored. "The confusion was the design." | Names the core paradox (deliberate author posing as idiot) the whole piece decodes. |
| 1 | **What is his type?** (diagnosis) | Type 4 who "manufactured a person"; the troll act covers an unseen outsider; even Fantano conceded talent. | Establishes the type + the cover mechanism → we now ask where it came from. |
| 2 | **Childhood** | Circus-performer parents, motor-home stage, cousin's death at 13 = "the frame is all you control." | Origin of the performance instinct + the time-is-short conviction. |
| 3 | **Why he turned himself into a meme** | Real music came first (Kryph/CalArts); the bowl cut started as a joke that got views; the stupidity was a *sincerity delivery system* (Mattson); the costume was assembled from his real childhood (most-mocked = most autobiographical); then a genuine skeptic gets a hearing. | Answers the "why," and hands the skeptic's read forward: "watch what the gimmick was carrying." |
| 4 | **The Director Hiding Inside the Clown** | Territorial authorship; for a Four, self and work are one object; scooter timeline; the same instinct welded him inside the costume → isolation. | The auteur beneath the gimmick, and its cost. |
| 5 | **Cowboy Tears** | He meant the title; told men to cry; the wall of distinctness becomes the prison. "Be seen without the bit." | The emotional core / the plea. |
| — | **Rabbit Hole** | Wing/subtype/arrows/counterargument (7 vs 3), quarantined. | Opt-in aside; main thread skips it cleanly. |
| 6 | **Why the world couldn't believe he was gone** | Real 2026 death read as a bit; the disbelief *is* the measure of what he built; tributes say the true thing; the foundation. "On those, he was never joking." | Pays off every planted thread (the "bit," the age-13 conviction, the sincerity). |

The map reads as a coherent outline top-to-bottom. That is already a strong signal.

### Scores

| Check | Score | Issues |
|------------------------|-------|--------|
| Through-Line Clarity | 9/10 | 0 |
| Promise-Delivery Match | 9/10 | 0 |
| Reader Mental Model | 8/10 | 1 |
| Section Transitions | 8/10 | 1 |
| Internal Paragraph Flow| 9/10 | 0 |

**Overall Cohesion Score: 8.5/10** — reads as one unified piece; every section earns its place.

### What's working (untouched)
- **Threaded payoffs.** The age-13 "I could die at any time" conviction is planted in §2, echoed in the Rabbit Hole, and lands the ending ("He had been saying versions of that since he was thirteen"). The word **"bit"** is deliberately carried from the close of Cowboy Tears ("Be seen without the bit") into the death section's second line ("assume it was a bit"). Nothing is orphaned.
- **Forward-pointing bridges** at §3→§4 ("watch what the gimmick was carrying") and §2→§3 ("Before the character, there was the music") are strong — the reader expects exactly what comes next.
- **Promise/delivery** is airtight: title's "meme so no one would see the artist underneath" is landed verbatim in the final paragraph.

### The one bump (minor)

**Transition §1 (diagnosis) → §2 (childhood) is the only weak seam.** Section 1 ends on "the talent underneath kept ambushing people who were certain there was nothing there," and Section 2 opens cold on a birth-year biography: "Oliver Tree Nickell was born in Santa Cruz in 1993…" The heading ("Raised Inside a Traveling Performance") does *some* thematic work, but there's no connective sentence, so the reader feels a small reset from psychology into biography.

**Proposed fix** — one bridging sentence at the top of §2, before the birth line, carrying the "manufactured self / frame" concept into the origin story:

> The instinct to build a frame and live inside it did not come from nowhere.

Then the existing "Oliver Tree Nickell was born in Santa Cruz in 1993…" follows. It's one short declarative line, matches the surrounding rhythm, no em-dash, no banned vocabulary, and doesn't steal the section's own "rolling stage" beat.

---

At 8.5 the piece is already publish-ready on cohesion grounds, so I'm holding the edit rather than applying it unasked. **Want me to add that one bridging sentence?** It's the only change I'd make — everything else is threaded and I'd leave it alone.
