========================================================================
LOAD-BEARING SOURCE AUDIT — oliver-tree  (Type 4)
/Users/djwayne/9takes/src/blog/people/drafts/oliver-tree.md
========================================================================

### EPIGRAPH
  [INLINE  ] "I want to make something that could be in a museum, but could also be a meme."
             outlet="RANGE"  year=2022

### COLD OPEN
  [INLINE  ] "a mirror in front of society to look at how ridiculous we are."
             outlet="High Times"  year=2020  venue="interview"

### DIAGNOSIS
  [UNTAGGED] "Alien Boy"
             — no outlet / year / venue —  (no attribution found)
  [UNTAGGED] "Miss You,"
             — no outlet / year / venue —  (no attribution found)
  [VAGUE   ] "Oliver Tree's debut album proves that, beyond the bowl cut and JNCO jeans, there lies serious musical potential."
             year=2020

### EMPATHY TURN
  (no quoted material in slot)

### CLOSE
  (no quoted material in slot)

------------------------------------------------------------------------
SUMMARY: 5 load-bearing quote(s) — 2 inline, 1 vague, 2 untagged
  untagged quote in epigraph OR cold open: no
  any untagged load-bearing quote:         YES
------------------------------------------------------------------------
