========================================================================
LOAD-BEARING SOURCE AUDIT — Sadie-Sink  (Type 6)
/Users/djwayne/9takes/src/blog/people/drafts/sadie-sink.md
========================================================================

### EPIGRAPH
  [INLINE  ] "I was really protected by the people around me. And by myself too. I think I was super protective of who I was."
             outlet="Glamour"  year=2025

### COLD OPEN
  (no quoted material in slot)

### DIAGNOSIS
  [INLINE  ] "It doesn't matter how many projects you do, how many good reviews you get, how many people tell you you're amazing, … Everyone still reaches that point where there is always going to be self-doubt."
             outlet="Harper"  year=2025
  [INLINE  ] "If I just felt fully confident in what I was doing, that would be a bad sign,"
             outlet="Harper"  year=2025  venue="profile"
  [INLINE  ] "to prove to myself that I could do it … to feel like an actor again."
             outlet="Harper"  year=2025

### EMPATHY TURN
  (no quoted material in slot)

### CLOSE
  (no quoted material in slot)

------------------------------------------------------------------------
SUMMARY: 4 load-bearing quote(s) — 4 inline, 0 vague, 0 untagged
  untagged quote in epigraph OR cold open: no
  any untagged load-bearing quote:         no
------------------------------------------------------------------------
