========================================================================
LOAD-BEARING SOURCE AUDIT — Christopher-Nolan  (Type 5)
/Users/djwayne/9takes/src/blog/people/drafts/christopher-nolan.md
========================================================================

### EPIGRAPH
  [INLINE  ] "Time is the most cinematic of subjects because before the movie camera came along, human beings had no way of seeing time backwards, slowed down, sped up."
             outlet="NPR"  year=2020

### COLD OPEN
  [INLINE  ] "It's quite thick paper and it's typewritten, … The thick paper meant I knew there was no carbon copy. This is the only one. … Dear Zimmer, here is the fable."
             outlet="Hollywood Reporter"  year=2014
  [INLINE  ] "Well I better make the movie now. … this tiny little thing. … Yes, but I now know what the heart of the story is,"
             outlet="Hollywood Reporter"  year=2014

### DIAGNOSIS
  [INLINE  ] "I don't start writing a script until I am firmly in control of the structure of the piece,"
             outlet="The Talks"  year=2023
  [INLINE  ] "an artist that has a tremendous intuition into the universe and the laws of nature from self-education, but no real training"
             outlet="Scientific American"  year=2014
  [INLINE  ] "I think of myself as the representative of the audience on set. That's my North Star. So in a sense I am the most important person on the set because I'm the audience."
             outlet="60 Minutes"  year=2026
  [INLINE  ] "Your greatest fear is that, for whatever reason, you won't get the chance for people to view your film"
             outlet="SHARP Magazine"  year=2023
  [INLINE  ] "to give the audience the fullest flavor, the fullest set of images and events that we can give them for a given story."
             outlet="60 Minutes"  year=2026

### EMPATHY TURN
  (no quoted material in slot)

### CLOSE
  (no quoted material in slot)

------------------------------------------------------------------------
SUMMARY: 8 load-bearing quote(s) — 8 inline, 0 vague, 0 untagged
  untagged quote in epigraph OR cold open: no
  any untagged load-bearing quote:         no
------------------------------------------------------------------------
