========================================================================
LOAD-BEARING SOURCE AUDIT — margaret-qualley  (Type 3)
/Users/djwayne/9takes/src/blog/people/drafts/margaret-qualley.md
========================================================================

### EPIGRAPH
  [INLINE  ] "I wasn't quite good enough. Um, just to be honest."
             outlet="Collider Ladies Night"  year=2025

### COLD OPEN
  [INLINE  ] "We would just go until I had a panic attack."
             outlet="Los Angeles Times"  year=2024  venue="interview"
  [VAGUE   ] "It was eight days. I know that doesn't seem like a lot."
             venue="interview"

### DIAGNOSIS
  [INLINE  ] "I think I just so desperately want to like be good, want to deserve to be in the room that I'm in. I want to work my ass off. I love the feeling of working really hard. I love this feeling of exhaustion from good hard work."
             outlet="Happy Sad Confused"  year=2025
  [INLINE  ] "I am really hard on myself, that I always feel like I'm harder on myself than anyone else in the room, and so it kind of doesn't matter."
             outlet="Happy Sad Confused"  year=2025
  [INLINE  ] "One thing that is super comforting about acting versus something that's a little bit more technical, like dance or ballet, is that there really isn't a right way to do something, and so much of the best work comes from a lack of control."
             outlet="Collider"  year=2025

### EMPATHY TURN
  (no quoted material in slot)

### CLOSE
  (no quoted material in slot)

------------------------------------------------------------------------
SUMMARY: 6 load-bearing quote(s) — 5 inline, 1 vague, 0 untagged
  untagged quote in epigraph OR cold open: no
  any untagged load-bearing quote:         no
------------------------------------------------------------------------
