========================================================================
LOAD-BEARING SOURCE AUDIT — Kaia-Gerber  (Type 6)
/Users/djwayne/9takes/src/blog/people/drafts/kaia-gerber.md
========================================================================

### EPIGRAPH
  [INLINE  ] "There's nowhere to hide, and in modelling I got quite used to hiding and being able to conceal."
             outlet="Hollywood Authentic"  year=2025

### COLD OPEN
  [INLINE  ] "the safety to fail is something that I haven't felt very much in my life."
             outlet="Vogue"  year=2024

### DIAGNOSIS
  [INLINE  ] "I just was like, I can trust you with whatever,"
             outlet="Collider"  year=2024
  [INLINE  ] "until I felt self-confident enough and I knew myself enough to protect myself."
             outlet="Vogue"  year=2019
  [INLINE  ] "By the time Kaia started in the fashion industry she was pretty well versed. She teaches me stuff all the time... just being prepared"
             outlet="Vogue"  year=2024  venue="essay"
  [INLINE  ] "I got put in situations where one day I'd wake up and be like, 'How did I get here?' I have no idea what I'm doing, and I need help. And being able to ask for that help was amazing."
             outlet="Vogue"  year=2021
  [INLINE  ] "Theatre terrified me, which made me realise that I needed to do it again"
             outlet="Hollywood Authentic"  year=2025

### EMPATHY TURN
  (no quoted material in slot)

### CLOSE
  (no quoted material in slot)

------------------------------------------------------------------------
SUMMARY: 7 load-bearing quote(s) — 7 inline, 0 vague, 0 untagged
  untagged quote in epigraph OR cold open: no
  any untagged load-bearing quote:         no
------------------------------------------------------------------------
