========================================================================
LOAD-BEARING SOURCE AUDIT — john-coogan  (Type 7)
/Users/djwayne/9takes/src/blog/people/drafts/John-Coogan.md
========================================================================

### EPIGRAPH
  [UNTAGGED] "Curiosity is my number one currency that I optimize for."
             — no outlet / year / venue —  (no attribution found)

### COLD OPEN
  (no quoted material in slot)

### DIAGNOSIS
  (no quoted material in slot)

### EMPATHY TURN
  (no quoted material in slot)

### CLOSE
  (no quoted material in slot)

------------------------------------------------------------------------
SUMMARY: 1 load-bearing quote(s) — 0 inline, 0 vague, 1 untagged
  untagged quote in epigraph OR cold open: YES (blocks A/B+ per source standard)
  any untagged load-bearing quote:         YES
------------------------------------------------------------------------
