Frontmatter enrichment complete: Joe-Lonsdale

**Fields filled:**
- `wikidata_qid`, `birth_date`, `birth_place`, `nationality`, `occupation`, `knows_about`, `keywords`, `same_as`, `citations`, `faqs`

**Fields already present (preserved):**
- `wikipedia`, `twitter`

**Fields skipped (not applicable):**
- `imdb_id` — Wikidata P345 absent; Lonsdale has no film/TV credits

**FAQs generated (5):**
1. What is Joe Lonsdale's personality type? → `#what-is-joe-lonsdales-personality-type`
2. Why does Joe Lonsdale keep calling everyone else a coward? → `#why-joe-lonsdale-keeps-calling-everyone-else-a-coward`
3. Why are Joe Lonsdale's companies named after Tolkien fortresses? → `#how-joe-lonsdale-built-a-defense-empire-after-the-2008-collapse`
4. Why did Joe Lonsdale start the University of Austin? → `#why-joe-lonsdale-built-a-university-nobody-calls-a-college`
5. What was the Stanford case about Joe Lonsdale? → `#the-stanford-case-and-what-it-taught-joe-lonsdale-about-institutions`

**Issues:**
- Body had zero external markdown links (only internal 9takes links to `/enneagram-corner/*` and `/personality-analysis/Peter-Thiel`). Citations were built from authoritative sources backing the body's textual references (Bazelon NYT case → SFist, Shawn Ryan Show transcript, NPR on Cicero, Fortune on UATX, Wikipedia entities). Worth flagging: the body cites specific outlets (NYT Magazine, Business Insider) by name without linking — adding inline citations in a future pass would tighten verifiability.
- Wikipedia gives only "1982 or 1983"; Wikidata P569 confirms `1982-09-12`. Used Wikidata.

Sources:
- [Joe Lonsdale - Wikipedia](https://en.wikipedia.org/wiki/Joe_Lonsdale)
- [Wikidata Q6210988](https://www.wikidata.org/wiki/Q6210988)
- [Fortune - UATX raised $150M](https://fortune.com/2023/05/30/university-of-austin-marc-andreessen-joe-lonsdale-bari-weiss/)
- [NPR - Cicero homeless camping bans](https://www.npr.org/2024/05/20/1251405278/homeless-camping-ban-texas-cicero-states)
- [SFist - Stanford reverses ban](https://sfist.com/2015/11/05/palantir_co-founders_former_intern/)
- [Shawn Ryan Show #151 transcript](https://podcasts.happyscribe.com/shawn-ryan-show/151-joe-lonsdale-the-ai-driven-emp-weapon-built-to-destroy-new-jersey-drone-swarms)
