Updated `src/blog/people/drafts/Tyler1.md`.

**Main changes:**
- Added physical paragraph at the top of the small-town section: legal name **Tyler Steinkamp**, 5'5"–5'6", ~200lb shred. Lifting now anchors the discipline-under-rage thesis.
- Added the **September 23, 2022 keyboard-smash + remake-bug fix** as the concrete on-stream rage scene the draft was missing, followed by the wholesome inverse (donation-read voice drop).
- Expanded **Macaiyla** from "administrative role" to an earned person: 2016 TwitchCon stream-snipe meet-cute, public on/off years, 2023 miscarriage, then her white-knights quote.
- Added a **2024–26 contemporary critic** in the reform section: the LGBT controversy + "uneducated" deflection + the apolitical-shaped Trump fan reading. The non-apology pattern now extends to the present.
- Added the **failure-mode beat** in the closing: the perimeter could calcify into a cell. The "becomes generative?" question now has a downside to land against.
- **Held the contradiction** in the no-friends section: chat is a tribe, but the relationship runs one direction.

**Trims:**
- Unified body on **"perimeter"** (kingdom only survives in author comments).
- Killed the third **"613 days"** mention in the closing.
- Cut one mom/dinner restatement (growth-arrow paragraph now says "the mother on payroll").
- Rewrote TL;DR isolation/growth bullets to stop repeating intro evidence.

**Rejected from fresh-eyes review:**
- Did NOT move "didn't reform" earlier — that section pays off the diagnosis arc and feeds the 2026 closing's emotional ramp. Reordering would cost more than it gains.

**Still open (worth flagging to editor pass):**
- Word count grew ~450 words. Could prune if needed.
- The 2024 LGBT controversy rests on a single Sportskeeda/win.gg source — worth a fact-check before publishing.
- The donation-read voice-drop inverse is described as a known pattern, no named clip cited. Swap for a named moment or cut if accuracy is a concern.

Sources used in research:
- [Tyler1 - Wikipedia](https://en.wikipedia.org/wiki/Tyler1)
- [How tall is Tyler1? (Meaww)](https://meaww.com/how-tall-is-tyler-1-when-streamers-girlfriend-exposed-him-for-lying-about-his-height-you-cant-touch-the-ceiling)
- [Tyler1 and Macaiyla's Relationship Timeline (Deltia's Gaming)](https://deltiasgaming.com/tyler1-and-macaiylas-relationship-timeline-explored/)
- [Tyler1 annihilates his keyboard (Dexerto)](https://www.dexerto.com/league-of-legends/tyler1-annihilates-his-keyboard-in-league-of-legends-bug-rage-1940846/)
- [League remake bug set for fix after Tyler1 smashed his keyboard (Dexerto)](https://www.dexerto.com/league-of-legends/league-remake-bug-set-for-fix-after-tyler1-smashed-his-keyboard-over-it-1945389/)
- [Big T or Big Trump (tyler1news)](https://tyler1news.com/post/Big-T-or-Big-Trump)
- [Tyler1 addresses allegations of transphobia and racism (Sportskeeda)](https://www.sportskeeda.com/us/streamers/news-i-thrown-will-tyler1-addresses-allegations-transphobia-racism)
- [Macaiyla LGBT backlash (win.gg)](https://win.gg/news/what-did-macaiyla-do-tyler1-girlfriend-gets-backlash-from-trans-community/)
