## Cohesion Check Complete: Tyler1.md

**Before score: 8/10**
**After score: 9/10**

### Central Thesis
Tyler1's rage is the performance; his Type 8 refusal to ask anyone's permission is the engine that explains the Riot survival, the Challenger grind, the Missouri perimeter, and the non-apology pattern.

### Changes Made (4 total)

**Transition Fixes (4):**
- Section 5 → 6 (billboard/perimeter → 6,000-game grind): Added "What looks like a small life is a long grind." — carries the "small life" concept from the perimeter into the grind framing.
- Section 6 → 7 (grind/outlasting → no friends): Added "The same refusal applies to who he lets near him." — connects "8 outlasts whatever tries to refuse him" to social isolation.
- Section 7 → 8 (sovereign loner → stress arrow): Added "Even sovereignty has a stress response." — bridges the sovereignty conclusion into the stress-pattern lecture.
- Section 8 → 9 (mirror routine → Riot reinstatement): Added "That posture has a corporate-scale history." — links the private mirror posture to the public Riot fight.

### What Was Preserved
- All frontmatter, testimony ledger, heading mix ledger, distribution ledger, formula fingerprint ledger
- Both load-bearing contrast pairs untouched ("rage isn't the engine. It's the exhaust." / "Reform implies remorse. Tyler1 has never performed remorse.")
- Counter-phobic 6 dispatch paragraph, Phreak concession structure, Macaiyla quote placement, 6,000-game data
- All internal links (`/enneagram-corner/enneagram-type-8`, `/enneagram-corner/enneagram-types-in-stress`, `/personality-analysis/kai-cenat`, `/personality-analysis/ishowspeed`)
- Section order (the second-pass notes specifically argued against reordering "didn't reform" earlier — preserved)

### Remaining Concerns
- The mirror routine appears in both section 6 (anxiety-as-grind-fuel) and section 8 (anxiety-as-growth-care). Each lens does different analytical work and the second-pass notes left it intentionally. Defensible, but if you ever want to tighten word count, section 6's mirror beat is the prunable one.
- Section 8 → 9 is the biggest conceptual jump in the piece. The bridge handles it, but if you wanted to strengthen further, you could add one more sentence inside section 9's first paragraph that names "the corporate-scale history" before pivoting to the 2018 reinstatement. Optional.
