========================================================================
LOAD-BEARING SOURCE AUDIT — David-Beckham  (Type 3)
/Users/djwayne/9takes/src/blog/people/drafts/david-beckham.md
========================================================================

### EPIGRAPH
  [INLINE  ] "I've got this obsessive compulsive disorder where I have to have everything in a straight line or everything has to be in pairs. Everything has to be perfect."
             outlet="ITV"  year=2006

### COLD OPEN
  (no quoted material in slot)

### DIAGNOSIS
  [INLINE  ] "David Beckham is Britain's finest striker of a football not because of God-given talent but because he practises with a relentless application that the vast majority of less gifted players wouldn't contemplate."
             outlet="Managing My Life"  year=1999
  [VAGUE   ] "It wasn't enough for him. He wanted to be more than a football player."
             year=2023  venue="podcast"

### EMPATHY TURN
  (no quoted material in slot)

### CLOSE
  (no quoted material in slot)

------------------------------------------------------------------------
SUMMARY: 3 load-bearing quote(s) — 2 inline, 1 vague, 0 untagged
  untagged quote in epigraph OR cold open: no
  any untagged load-bearing quote:         no
------------------------------------------------------------------------
