========================================================================
LOAD-BEARING SOURCE AUDIT — Yang-Zhilin  (Type 5)
/Users/djwayne/9takes/src/blog/people/drafts/yang-zhilin.md
========================================================================

### EPIGRAPH
  [INLINE  ] "If everyone thinks you are normal, and your dream is imaginable by everyone, then you have failed to expand the dreamscape of humanity."
             outlet="interview with Zhang Xiaojun"  year=2024  venue="interview"

### COLD OPEN
  [VAGUE   ] "I don't even know who put it there,"
             year=2024  venue="interview"
  [INLINE  ] "a reclusive founder."
             outlet="Bloomberg"  year=2026  venue="interview"

### DIAGNOSIS
  [VAGUE   ] "China's Sam Altman."
             venue="essay"
  [INLINE  ] "I don't want to share control of my company"
             outlet="Forbes"  year=2025
  [VAGUE   ] "Machine learning and AI have been researched for 70 to 80 years, and the only thing that actually works is the scaling law"
             year=2024  venue="interview"
  [VAGUE   ] "Strict AGI will still need tens of billions of USD"
             year=2024
  [VAGUE   ] "Lossless compression is actually learning certainty in a chaotic environment"
             year=2024  venue="profile"

### EMPATHY TURN
  (no quoted material in slot)

### CLOSE
  [VAGUE   ] "I'm not at all anxious about making a safe landing"
             year=2024

------------------------------------------------------------------------
SUMMARY: 9 load-bearing quote(s) — 3 inline, 6 vague, 0 untagged
  untagged quote in epigraph OR cold open: no
  any untagged load-bearing quote:         no
------------------------------------------------------------------------
