========================================================================
LOAD-BEARING SOURCE AUDIT — julia-fox  (Type 4)
/Users/djwayne/9takes/src/blog/people/drafts/julia-fox.md
========================================================================

### EPIGRAPH
  [INLINE  ] "Sometimes you have to throw your life down the drain just to see where you'll come out the other side."
             outlet="Down the Drain"  year=2023

### COLD OPEN
  (no quoted material in slot)

### DIAGNOSIS
  [INLINE  ] "Josh always thought of me as a star, and I think he wanted to be the one to discover me."
             outlet="Interview Magazine"  year=2019  venue="interview"
  [INLINE  ] "an artist in the role of a lifetime, playing Me."
             year=2023  venue="memoir"

### EMPATHY TURN
  (no quoted material in slot)

### CLOSE
  (no quoted material in slot)

------------------------------------------------------------------------
SUMMARY: 3 load-bearing quote(s) — 3 inline, 0 vague, 0 untagged
  untagged quote in epigraph OR cold open: no
  any untagged load-bearing quote:         no
------------------------------------------------------------------------
