==============================================================================
SAME-TYPE ARGUMENT-SIMILARITY SCAN — lamine-yamal (Type 7)
/Users/djwayne/9takes/src/blog/people/drafts/Lamine-Yamal.md
==============================================================================

Target diagnosis+counter-typing units: 25
Comparison set (last 8 other Type-7 drafts by date):
  - john-coogan  (2026-07-14, 25 units)
  - Jeff-Goldblum  (2026-07-03, 23 units)
  - Matt-Smith  (2026-07-03, 24 units)
  - cathie-wood  (2026-07-02, 22 units)
  - Jim-Carrey  (2026-06-30, 23 units)
  - conan-obrien  (2026-06-30, 12 units)
  - bert-kreischer  (2026-06-26, 20 units)
  - corinna-kopf  (2026-06-22, 7 units)

Noise floor over 3900 unit pairs:  median=0  p90=0  p99=0.008  max=0.117
Trip threshold: 0.04  →  TRIPPED

TRIP PAIRS:
------------------------------------------------------------------------------
score 0.117   lamine-yamal  <->  cathie-wood
   TARGET [diagnosis] Lamine Yamal is an Enneagram Type 7
   OTHER  [diagnosis] Cathie Wood is the corrected portrait

score 0.091   lamine-yamal  <->  cathie-wood
   TARGET [diagnosis] Lamine Yamal is an Enneagram Type 7
   OTHER  [diagnosis] Cathie Wood is a believer who throws elbows.

score 0.051   lamine-yamal  <->  john-coogan
   TARGET [diagnosis] Lamine Yamal is an Enneagram Type 7
   OTHER  [diagnosis] John Coogan's public record points most strongly to Enneagram Type 7


Most similar drafts (max unit-pair score):
  0.117 #####                cathie-wood
  0.051 ##                   john-coogan
  0.042 ##                   corinna-kopf
  0.027 #                    Matt-Smith
  0.022 #                    Jim-Carrey
  0.021 #                    bert-kreischer
  0.018 #                    Jeff-Goldblum
  0.009                      conan-obrien

TOP SIMILAR SENTENCE/CLAUSE PAIRS:
------------------------------------------------------------------------------
score 0.117   lamine-yamal  <->  cathie-wood
   TARGET [diagnosis] Lamine Yamal is an Enneagram Type 7
   OTHER  [diagnosis] Cathie Wood is the corrected portrait

score 0.091   lamine-yamal  <->  cathie-wood
   TARGET [diagnosis] Lamine Yamal is an Enneagram Type 7
   OTHER  [diagnosis] Cathie Wood is a believer who throws elbows.

score 0.051   lamine-yamal  <->  john-coogan
   TARGET [diagnosis] Lamine Yamal is an Enneagram Type 7
   OTHER  [diagnosis] John Coogan's public record points most strongly to Enneagram Type 7

score 0.042   lamine-yamal  <->  corinna-kopf
   TARGET [diagnosis] the Enthusiast's wiring reroutes it into appetite
   OTHER  [diagnosis] The Enthusiast label gets her wrong.

score 0.035   lamine-yamal  <->  john-coogan
   TARGET [counter-typing] His motivation reads as appetite and freedom.
   OTHER  [diagnosis] and freedom from intellectual confinement organize his working life.

score 0.027   lamine-yamal  <->  Matt-Smith
   TARGET [diagnosis] The instant something threatens to land as fear or limitation
   OTHER  [counter-typing] Smith leaps out of his the instant the scene ends

score 0.024   lamine-yamal  <->  cathie-wood
   TARGET [diagnosis] the Enthusiast's wiring reroutes it into appetite
   OTHER  [diagnosis] and she says it into a camera without flinching.

score 0.022   lamine-yamal  <->  Jim-Carrey
   TARGET [diagnosis] It was later voted the goal of the tournament
   OTHER  [diagnosis] It was a body in motion at full speed

score 0.022   lamine-yamal  <->  Matt-Smith
   TARGET [diagnosis] The stakes were the highest of his young life
   OTHER  [counter-typing] and was literally cast out of his first identity.

score 0.021   lamine-yamal  <->  bert-kreischer
   TARGET [diagnosis] The type runs on a single reflex.
   OTHER  [diagnosis] Sevens are wired around a single fear

score 0.020   lamine-yamal  <->  Matt-Smith
   TARGET [diagnosis] The stakes were the highest of his young life
   OTHER  [counter-typing] Smith leaps out of his the instant the scene ends

score 0.019   lamine-yamal  <->  john-coogan
   TARGET [diagnosis] The moment should have been unbearable for a sixteen-year-old.
   OTHER  [diagnosis] and unusually willing to suffer for a compelling problem.

------------------------------------------------------------------------------
Top pair scores 0.117 vs median 0  (~∞x the noise floor).
