========================================================================
LOAD-BEARING SOURCE AUDIT — lamine-yamal  (Type 7)
/Users/djwayne/9takes/src/blog/people/drafts/lamine-yamal.md
========================================================================

### EPIGRAPH
  [INLINE  ] "I've never felt pressure playing football."
             outlet="CBS's 60 Minutes"  year=2025

### COLD OPEN
  [INLINE  ] "I want to follow my own path,"
             outlet="CBS"  year=2025

### DIAGNOSIS
  (no quoted material in slot)

### EMPATHY TURN
  (no quoted material in slot)

### CLOSE
  (no quoted material in slot)

------------------------------------------------------------------------
SUMMARY: 2 load-bearing quote(s) — 2 inline, 0 vague, 0 untagged
  untagged quote in epigraph OR cold open: no
  any untagged load-bearing quote:         no
------------------------------------------------------------------------
